#
# There is insufficient memory for the Java Runtime Environment to continue.
# Native memory allocation (malloc) failed to allocate 1576016 bytes. Error detail: Chunk::new
# Possible reasons:
#   The system is out of physical RAM or swap space
#   This process is running with CompressedOops enabled, and the Java Heap may be blocking the growth of the native heap
# Possible solutions:
#   Reduce memory load on the system
#   Increase physical memory or swap space
#   Check if swap backing store is full
#   Decrease Java heap size (-Xmx/-Xms)
#   Decrease number of Java threads
#   Decrease Java thread stack sizes (-Xss)
#   Set larger code cache with -XX:ReservedCodeCacheSize=
#   JVM is running with Unscaled Compressed Oops mode in which the Java heap is
#     placed in the first 4GB address space. The Java Heap base address is the
#     maximum limit for the native heap growth. Please use -XX:HeapBaseMinAddress
#     to set the Java Heap base and to place the Java Heap above 4GB virtual address.
# This output file may be truncated or incomplete.
#
#  Out of Memory Error (arena.cpp:168), pid=29516, tid=28716
#
# JRE version: OpenJDK Runtime Environment Temurin-21.0.10+7 (21.0.10+7) (build 21.0.10+7-LTS)
# Java VM: OpenJDK 64-Bit Server VM Temurin-21.0.10+7 (21.0.10+7-LTS, mixed mode, sharing, tiered, compressed oops, compressed class ptrs, parallel gc, windows-amd64)
# No core dump will be written. Minidumps are not enabled by default on client versions of Windows
#

---------------  S U M M A R Y ------------

Command Line: --add-modules=ALL-SYSTEM --add-opens=java.base/java.util=ALL-UNNAMED --add-opens=java.base/java.lang=ALL-UNNAMED --add-opens=java.base/sun.nio.fs=ALL-UNNAMED -Declipse.application=org.eclipse.jdt.ls.core.id1 -Dosgi.bundles.defaultStartLevel=4 -Declipse.product=org.eclipse.jdt.ls.core.product -Djava.import.generatesMetadataFilesAtProjectRoot=false -DDetectVMInstallationsJob.disabled=true -Dfile.encoding=utf8 -XX:+UseParallelGC -XX:GCTimeRatio=4 -XX:AdaptiveSizePolicyWeight=90 -Dsun.zip.disableMemoryMapping=true -Xmx2G -Xms100m -Xlog:disable -javaagent:c:\Users\tahuy\.vscode\extensions\redhat.java-1.53.0-win32-x64\lombok\lombok-1.18.39-4050.jar -XX:+HeapDumpOnOutOfMemoryError -XX:HeapDumpPath=c:\Users\tahuy\AppData\Roaming\Code\User\workspaceStorage\e3bf0e8b012c2b424b4bcdb25e365c00\redhat.java -Daether.dependencyCollector.impl=bf c:\Users\tahuy\.vscode\extensions\redhat.java-1.53.0-win32-x64\server\plugins\org.eclipse.equinox.launcher_1.7.100.v20251111-0406.jar -configuration c:\Users\tahuy\AppData\Roaming\Code\User\globalStorage\redhat.java\1.53.0\config_win -data c:\Users\tahuy\AppData\Roaming\Code\User\workspaceStorage\e3bf0e8b012c2b424b4bcdb25e365c00\redhat.java\jdt_ws --pipe=\\.\pipe\lsp-e3359f3e1f24f9cd7fa42079fe4db259-sock

Host: 13th Gen Intel(R) Core(TM) i7-13700H, 20 cores, 15G,  Windows 11 , 64 bit Build 26100 (10.0.26100.7920)
Time: Sun Mar  8 20:04:20 2026 SE Asia Standard Time elapsed time: 36.052122 seconds (0d 0h 0m 36s)

---------------  T H R E A D  ---------------

Current thread (0x000001f87da33cf0):  JavaThread "C2 CompilerThread0" daemon [_thread_in_native, id=28716, stack(0x000000a420500000,0x000000a420600000) (1024K)]


Current CompileTask:
C2:36052 19273   !   4       org.eclipse.jdt.internal.compiler.classfmt.ClassFileReader::<init> (1968 bytes)

Stack: [0x000000a420500000,0x000000a420600000]
Native frames: (J=compiled Java code, j=interpreted, Vv=VM code, C=native code)
V  [jvm.dll+0x6d7a39]
V  [jvm.dll+0x8b4b26]
V  [jvm.dll+0x8b70de]
V  [jvm.dll+0x8b77c3]
V  [jvm.dll+0x284346]
V  [jvm.dll+0xc66ed]
V  [jvm.dll+0xc6c31]
V  [jvm.dll+0x3bec01]
V  [jvm.dll+0x1e3d62]
V  [jvm.dll+0x24c6b3]
V  [jvm.dll+0x24bb40]
V  [jvm.dll+0x1cb34e]
V  [jvm.dll+0x25b85d]
V  [jvm.dll+0x259dea]
V  [jvm.dll+0x3f857e]
V  [jvm.dll+0x85f59d]
V  [jvm.dll+0x6d626d]
C  [ucrtbase.dll+0x37b0]
C  [KERNEL32.DLL+0x2e8d7]
C  [ntdll.dll+0x8c48c]


---------------  P R O C E S S  ---------------

Threads class SMR info:
_java_thread_list=0x000001f846e34b90, length=87, elements={
0x000001f865a3cc30, 0x000001f87da15fd0, 0x000001f87da16df0, 0x000001f87da1bb20,
0x000001f87da1eb80, 0x000001f87da20b40, 0x000001f87da27050, 0x000001f87da33cf0,
0x000001f87da3f1e0, 0x000001f87dcfc630, 0x000001f87f774c50, 0x000001f87f898f30,
0x000001f87fecc7a0, 0x000001f845077dd0, 0x000001f8452d1230, 0x000001f8458055c0,
0x000001f845845c10, 0x000001f845951460, 0x000001f8459f6800, 0x000001f8459f8240,
0x000001f8459f88d0, 0x000001f8459f95f0, 0x000001f8459f8f60, 0x000001f8459f7bb0,
0x000001f8459f6170, 0x000001f8459f6e90, 0x000001f8459f7520, 0x000001f845f9bd80,
0x000001f845f9b6f0, 0x000001f845f9c410, 0x000001f845f9d130, 0x000001f845f9caa0,
0x000001f845f9e4e0, 0x000001f845f9de50, 0x000001f845f9b060, 0x000001f845fa05b0,
0x000001f845f9ff20, 0x000001f845f9d7c0, 0x000001f845fa0c40, 0x000001f845fa12d0,
0x000001f845fa1960, 0x000001f845fa1ff0, 0x000001f845f9eb70, 0x000001f845f9f200,
0x000001f845fa2680, 0x000001f845f9f890, 0x000001f847350740, 0x000001f84734e670,
0x000001f84734f390, 0x000001f84734fa20, 0x000001f847353530, 0x000001f847355600,
0x000001f847352810, 0x000001f87f93d4f0, 0x000001f87f93bab0, 0x000001f87f93ad90,
0x000001f87f93a070, 0x000001f87f93a700, 0x000001f87f93b420, 0x000001f87f93c140,
0x000001f87f93c7d0, 0x000001f87f93ce60, 0x000001f848e84580, 0x000001f848e85930,
0x000001f848e83ef0, 0x000001f848e86650, 0x000001f848e89440, 0x000001f848e8a160,
0x000001f848e8a7f0, 0x000001f848e87a00, 0x000001f848e8b510, 0x000001f848e88090,
0x000001f848e88720, 0x000001f848e88db0, 0x000001f847d73940, 0x000001f847d72c20,
0x000001f847d74cf0, 0x000001f847d732b0, 0x000001f847d74660, 0x000001f847d73fd0,
0x000001f847d75380, 0x000001f847d72590, 0x000001f847d71f00, 0x000001f847d78800,
0x000001f847d75a10, 0x000001f847d79520, 0x000001f847d76dc0
}

Java Threads: ( => current thread )
  0x000001f865a3cc30 JavaThread "main"                              [_thread_blocked, id=29048, stack(0x000000a41fb00000,0x000000a41fc00000) (1024K)]
  0x000001f87da15fd0 JavaThread "Reference Handler"          daemon [_thread_blocked, id=7104, stack(0x000000a41ff00000,0x000000a420000000) (1024K)]
  0x000001f87da16df0 JavaThread "Finalizer"                  daemon [_thread_blocked, id=27412, stack(0x000000a420000000,0x000000a420100000) (1024K)]
  0x000001f87da1bb20 JavaThread "Signal Dispatcher"          daemon [_thread_blocked, id=21616, stack(0x000000a420100000,0x000000a420200000) (1024K)]
  0x000001f87da1eb80 JavaThread "Attach Listener"            daemon [_thread_blocked, id=11732, stack(0x000000a420200000,0x000000a420300000) (1024K)]
  0x000001f87da20b40 JavaThread "Service Thread"             daemon [_thread_blocked, id=23308, stack(0x000000a420300000,0x000000a420400000) (1024K)]
  0x000001f87da27050 JavaThread "Monitor Deflation Thread"   daemon [_thread_blocked, id=15240, stack(0x000000a420400000,0x000000a420500000) (1024K)]
=>0x000001f87da33cf0 JavaThread "C2 CompilerThread0"         daemon [_thread_in_native, id=28716, stack(0x000000a420500000,0x000000a420600000) (1024K)]
  0x000001f87da3f1e0 JavaThread "C1 CompilerThread0"         daemon [_thread_blocked, id=23864, stack(0x000000a420600000,0x000000a420700000) (1024K)]
  0x000001f87dcfc630 JavaThread "Common-Cleaner"             daemon [_thread_blocked, id=12820, stack(0x000000a420a00000,0x000000a420b00000) (1024K)]
  0x000001f87f774c50 JavaThread "Notification Thread"        daemon [_thread_blocked, id=28980, stack(0x000000a420c00000,0x000000a420d00000) (1024K)]
  0x000001f87f898f30 JavaThread "Active Thread: Equinox Container: deb9a62d-01db-4b2e-b6c3-0bcda250793c"        [_thread_blocked, id=29380, stack(0x000000a421400000,0x000000a421500000) (1024K)]
  0x000001f87fecc7a0 JavaThread "Refresh Thread: Equinox Container: deb9a62d-01db-4b2e-b6c3-0bcda250793c" daemon [_thread_blocked, id=29692, stack(0x000000a421600000,0x000000a421700000) (1024K)]
  0x000001f845077dd0 JavaThread "Framework Event Dispatcher: Equinox Container: deb9a62d-01db-4b2e-b6c3-0bcda250793c" daemon [_thread_blocked, id=27268, stack(0x000000a421700000,0x000000a421800000) (1024K)]
  0x000001f8452d1230 JavaThread "Start Level: Equinox Container: deb9a62d-01db-4b2e-b6c3-0bcda250793c" daemon [_thread_blocked, id=29640, stack(0x000000a421800000,0x000000a421900000) (1024K)]
  0x000001f8458055c0 JavaThread "Bundle File Closer"         daemon [_thread_blocked, id=26080, stack(0x000000a421c00000,0x000000a421d00000) (1024K)]
  0x000001f845845c10 JavaThread "SCR Component Actor"        daemon [_thread_blocked, id=29088, stack(0x000000a421d00000,0x000000a421e00000) (1024K)]
  0x000001f845951460 JavaThread "Worker-JM"                         [_thread_blocked, id=29452, stack(0x000000a420d00000,0x000000a420e00000) (1024K)]
  0x000001f8459f6800 JavaThread "Worker-0"                          [_thread_blocked, id=15200, stack(0x000000a422100000,0x000000a422200000) (1024K)]
  0x000001f8459f8240 JavaThread "Worker-1: Java indexing... "        [_thread_blocked, id=26176, stack(0x000000a422200000,0x000000a422300000) (1024K)]
  0x000001f8459f88d0 JavaThread "Java indexing"              daemon [_thread_blocked, id=28792, stack(0x000000a422500000,0x000000a422600000) (1024K)]
  0x000001f8459f95f0 JavaThread "JNA Cleaner"                daemon [_thread_blocked, id=28756, stack(0x000000a420900000,0x000000a420a00000) (1024K)]
  0x000001f8459f8f60 JavaThread "Worker-2: Check JDK Index"         [_thread_blocked, id=27040, stack(0x000000a422700000,0x000000a422800000) (1024K)]
  0x000001f8459f7bb0 JavaThread "Worker-3"                          [_thread_blocked, id=29316, stack(0x000000a422800000,0x000000a422900000) (1024K)]
  0x000001f8459f6170 JavaThread "Worker-4: Initialize Workspace"        [_thread_blocked, id=29448, stack(0x000000a422a00000,0x000000a422b00000) (1024K)]
  0x000001f8459f6e90 JavaThread "Worker-5"                          [_thread_blocked, id=28772, stack(0x000000a422c00000,0x000000a422d00000) (1024K)]
  0x000001f8459f7520 JavaThread "Thread-1"                   daemon [_thread_in_native, id=29664, stack(0x000000a422d00000,0x000000a422e00000) (1024K)]
  0x000001f845f9bd80 JavaThread "Thread-2"                   daemon [_thread_in_native, id=29672, stack(0x000000a422e00000,0x000000a422f00000) (1024K)]
  0x000001f845f9b6f0 JavaThread "Thread-3"                   daemon [_thread_in_native, id=29656, stack(0x000000a422f00000,0x000000a423000000) (1024K)]
  0x000001f845f9c410 JavaThread "Thread-4"                   daemon [_thread_in_native, id=27304, stack(0x000000a423000000,0x000000a423100000) (1024K)]
  0x000001f845f9d130 JavaThread "Thread-5"                   daemon [_thread_in_native, id=4296, stack(0x000000a423100000,0x000000a423200000) (1024K)]
  0x000001f845f9caa0 JavaThread "Thread-6"                   daemon [_thread_in_native, id=29412, stack(0x000000a423200000,0x000000a423300000) (1024K)]
  0x000001f845f9e4e0 JavaThread "Thread-7"                   daemon [_thread_in_native, id=29444, stack(0x000000a423300000,0x000000a423400000) (1024K)]
  0x000001f845f9de50 JavaThread "Thread-8"                   daemon [_thread_in_native, id=29500, stack(0x000000a423400000,0x000000a423500000) (1024K)]
  0x000001f845f9b060 JavaThread "Thread-9"                   daemon [_thread_in_native, id=29512, stack(0x000000a423500000,0x000000a423600000) (1024K)]
  0x000001f845fa05b0 JavaThread "Thread-10"                  daemon [_thread_in_native, id=29352, stack(0x000000a423600000,0x000000a423700000) (1024K)]
  0x000001f845f9ff20 JavaThread "Thread-11"                  daemon [_thread_in_native, id=29132, stack(0x000000a423700000,0x000000a423800000) (1024K)]
  0x000001f845f9d7c0 JavaThread "Thread-12"                  daemon [_thread_in_native, id=29268, stack(0x000000a423800000,0x000000a423900000) (1024K)]
  0x000001f845fa0c40 JavaThread "Thread-13"                  daemon [_thread_in_native, id=29052, stack(0x000000a423900000,0x000000a423a00000) (1024K)]
  0x000001f845fa12d0 JavaThread "Thread-14"                  daemon [_thread_in_native, id=25872, stack(0x000000a423a00000,0x000000a423b00000) (1024K)]
  0x000001f845fa1960 JavaThread "Thread-15"                  daemon [_thread_in_native, id=29320, stack(0x000000a423b00000,0x000000a423c00000) (1024K)]
  0x000001f845fa1ff0 JavaThread "Thread-16"                  daemon [_thread_in_native, id=28848, stack(0x000000a423c00000,0x000000a423d00000) (1024K)]
  0x000001f845f9eb70 JavaThread "Thread-17"                  daemon [_thread_in_native, id=29468, stack(0x000000a423d00000,0x000000a423e00000) (1024K)]
  0x000001f845f9f200 JavaThread "Thread-18"                  daemon [_thread_in_native, id=7552, stack(0x000000a423e00000,0x000000a423f00000) (1024K)]
  0x000001f845fa2680 JavaThread "Thread-19"                  daemon [_thread_in_native, id=28892, stack(0x000000a423f00000,0x000000a424000000) (1024K)]
  0x000001f845f9f890 JavaThread "Thread-20"                  daemon [_thread_in_native, id=6148, stack(0x000000a424000000,0x000000a424100000) (1024K)]
  0x000001f847350740 JavaThread "Thread-21"                  daemon [_thread_in_native, id=29288, stack(0x000000a424100000,0x000000a424200000) (1024K)]
  0x000001f84734e670 JavaThread "pool-2-thread-1"                   [_thread_blocked, id=21788, stack(0x000000a424200000,0x000000a424300000) (1024K)]
  0x000001f84734f390 JavaThread "WorkspaceEventsHandler"            [_thread_blocked, id=28776, stack(0x000000a424300000,0x000000a424400000) (1024K)]
  0x000001f84734fa20 JavaThread "pool-1-thread-1"                   [_thread_blocked, id=29276, stack(0x000000a424400000,0x000000a424500000) (1024K)]
  0x000001f847353530 JavaThread "ForkJoinPool.commonPool-worker-1" daemon [_thread_blocked, id=28784, stack(0x000000a420b00000,0x000000a420c00000) (1024K)]
  0x000001f847355600 JavaThread "Compiler Source File Reader" daemon [_thread_blocked, id=29356, stack(0x000000a422900000,0x000000a422a00000) (1024K)]
  0x000001f847352810 JavaThread "Compiler Source File Reader" daemon [_thread_blocked, id=20948, stack(0x000000a422b00000,0x000000a422c00000) (1024K)]
  0x000001f87f93d4f0 JavaThread "Compiler Source File Reader" daemon [_thread_blocked, id=29272, stack(0x000000a424700000,0x000000a424800000) (1024K)]
  0x000001f87f93bab0 JavaThread "Compiler Source File Reader" daemon [_thread_blocked, id=19156, stack(0x000000a424800000,0x000000a424900000) (1024K)]
  0x000001f87f93ad90 JavaThread "Compiler Source File Reader" daemon [_thread_blocked, id=28796, stack(0x000000a424b00000,0x000000a424c00000) (1024K)]
  0x000001f87f93a070 JavaThread "Compiler Source File Reader" daemon [_thread_blocked, id=21052, stack(0x000000a424c00000,0x000000a424d00000) (1024K)]
  0x000001f87f93a700 JavaThread "Compiler Source File Reader" daemon [_thread_blocked, id=29000, stack(0x000000a424d00000,0x000000a424e00000) (1024K)]
  0x000001f87f93b420 JavaThread "Compiler Source File Reader" daemon [_thread_blocked, id=29340, stack(0x000000a424e00000,0x000000a424f00000) (1024K)]
  0x000001f87f93c140 JavaThread "Compiler Source File Reader" daemon [_thread_blocked, id=25784, stack(0x000000a424f00000,0x000000a425000000) (1024K)]
  0x000001f87f93c7d0 JavaThread "Compiler Source File Reader" daemon [_thread_blocked, id=7420, stack(0x000000a425000000,0x000000a425100000) (1024K)]
  0x000001f87f93ce60 JavaThread "Compiler Source File Reader" daemon [_thread_blocked, id=18640, stack(0x000000a425100000,0x000000a425200000) (1024K)]
  0x000001f848e84580 JavaThread "Compiler Source File Reader" daemon [_thread_blocked, id=23960, stack(0x000000a425200000,0x000000a425300000) (1024K)]
  0x000001f848e85930 JavaThread "Compiler Source File Reader" daemon [_thread_blocked, id=12576, stack(0x000000a425300000,0x000000a425400000) (1024K)]
  0x000001f848e83ef0 JavaThread "Compiler Source File Reader" daemon [_thread_blocked, id=19092, stack(0x000000a425400000,0x000000a425500000) (1024K)]
  0x000001f848e86650 JavaThread "Compiler Source File Reader" daemon [_thread_blocked, id=28928, stack(0x000000a425500000,0x000000a425600000) (1024K)]
  0x000001f848e89440 JavaThread "Worker-6"                          [_thread_blocked, id=28768, stack(0x000000a425600000,0x000000a425700000) (1024K)]
  0x000001f848e8a160 JavaThread "Worker-7"                          [_thread_blocked, id=29668, stack(0x000000a425700000,0x000000a425800000) (1024K)]
  0x000001f848e8a7f0 JavaThread "Compiler Processing Task"   daemon [_thread_blocked, id=26340, stack(0x000000a425800000,0x000000a425900000) (1024K)]
  0x000001f848e87a00 JavaThread "Compiler Class File Writer" daemon [_thread_blocked, id=13952, stack(0x000000a425900000,0x000000a425a00000) (1024K)]
  0x000001f848e8b510 JavaThread "Compiler Class File Writer" daemon [_thread_blocked, id=7428, stack(0x000000a425a00000,0x000000a425b00000) (1024K)]
  0x000001f848e88090 JavaThread "Compiler Class File Writer" daemon [_thread_blocked, id=28684, stack(0x000000a425b00000,0x000000a425c00000) (1024K)]
  0x000001f848e88720 JavaThread "Compiler Class File Writer" daemon [_thread_blocked, id=28936, stack(0x000000a425c00000,0x000000a425d00000) (1024K)]
  0x000001f848e88db0 JavaThread "Compiler Class File Writer" daemon [_thread_blocked, id=14408, stack(0x000000a425e00000,0x000000a425f00000) (1024K)]
  0x000001f847d73940 JavaThread "Compiler Class File Writer" daemon [_thread_blocked, id=29140, stack(0x000000a425f00000,0x000000a426000000) (1024K)]
  0x000001f847d72c20 JavaThread "Compiler Class File Writer" daemon [_thread_blocked, id=21188, stack(0x000000a426000000,0x000000a426100000) (1024K)]
  0x000001f847d74cf0 JavaThread "Compiler Class File Writer" daemon [_thread_blocked, id=19564, stack(0x000000a426100000,0x000000a426200000) (1024K)]
  0x000001f847d732b0 JavaThread "Compiler Class File Writer" daemon [_thread_blocked, id=22640, stack(0x000000a426200000,0x000000a426300000) (1024K)]
  0x000001f847d74660 JavaThread "Compiler Class File Writer" daemon [_thread_blocked, id=28904, stack(0x000000a426300000,0x000000a426400000) (1024K)]
  0x000001f847d73fd0 JavaThread "Compiler Class File Writer" daemon [_thread_blocked, id=24792, stack(0x000000a426400000,0x000000a426500000) (1024K)]
  0x000001f847d75380 JavaThread "Compiler Class File Writer" daemon [_thread_blocked, id=6160, stack(0x000000a426500000,0x000000a426600000) (1024K)]
  0x000001f847d72590 JavaThread "Compiler Class File Writer" daemon [_thread_blocked, id=6976, stack(0x000000a426600000,0x000000a426700000) (1024K)]
  0x000001f847d71f00 JavaThread "Compiler Class File Writer" daemon [_thread_blocked, id=16824, stack(0x000000a426700000,0x000000a426800000) (1024K)]
  0x000001f847d78800 JavaThread "Compiler Class File Writer" daemon [_thread_blocked, id=17588, stack(0x000000a426800000,0x000000a426900000) (1024K)]
  0x000001f847d75a10 JavaThread "Compiler Class File Writer" daemon [_thread_blocked, id=20260, stack(0x000000a426900000,0x000000a426a00000) (1024K)]
  0x000001f847d79520 JavaThread "Compiler Class File Writer" daemon [_thread_blocked, id=2868, stack(0x000000a426a00000,0x000000a426b00000) (1024K)]
  0x000001f847d76dc0 JavaThread "Compiler Class File Writer" daemon [_thread_blocked, id=10988, stack(0x000000a426b00000,0x000000a426c00000) (1024K)]
Total: 87

Other Threads:
  0x000001f8659d4080 VMThread "VM Thread"                           [id=16412, stack(0x000000a41fe00000,0x000000a41ff00000) (1024K)]
  0x000001f8658cca00 WatcherThread "VM Periodic Task Thread"        [id=29624, stack(0x000000a41fd00000,0x000000a41fe00000) (1024K)]
  0x000001f865a5adf0 WorkerThread "GC Thread#0"                     [id=25736, stack(0x000000a41fc00000,0x000000a41fd00000) (1024K)]
  0x000001f87fcba560 WorkerThread "GC Thread#1"                     [id=29212, stack(0x000000a420e00000,0x000000a420f00000) (1024K)]
  0x000001f87fcba910 WorkerThread "GC Thread#2"                     [id=29216, stack(0x000000a420f00000,0x000000a421000000) (1024K)]
  0x000001f87fcbacc0 WorkerThread "GC Thread#3"                     [id=29224, stack(0x000000a421000000,0x000000a421100000) (1024K)]
  0x000001f87fcba1b0 WorkerThread "GC Thread#4"                     [id=29220, stack(0x000000a421100000,0x000000a421200000) (1024K)]
  0x000001f87fcbb420 WorkerThread "GC Thread#5"                     [id=29228, stack(0x000000a421200000,0x000000a421300000) (1024K)]
  0x000001f87fcbb070 WorkerThread "GC Thread#6"                     [id=29232, stack(0x000000a421300000,0x000000a421400000) (1024K)]
  0x000001f8450a9c20 WorkerThread "GC Thread#7"                     [id=5196, stack(0x000000a421500000,0x000000a421600000) (1024K)]
  0x000001f8450aa730 WorkerThread "GC Thread#8"                     [id=29392, stack(0x000000a421900000,0x000000a421a00000) (1024K)]
  0x000001f8450a89b0 WorkerThread "GC Thread#9"                     [id=29368, stack(0x000000a421a00000,0x000000a421b00000) (1024K)]
  0x000001f8450aaae0 WorkerThread "GC Thread#10"                    [id=15564, stack(0x000000a421b00000,0x000000a421c00000) (1024K)]
  0x000001f8450a6fe0 WorkerThread "GC Thread#11"                    [id=20376, stack(0x000000a421e00000,0x000000a421f00000) (1024K)]
  0x000001f8450a9110 WorkerThread "GC Thread#12"                    [id=29172, stack(0x000000a421f00000,0x000000a422000000) (1024K)]
  0x000001f8450a9870 WorkerThread "GC Thread#13"                    [id=5004, stack(0x000000a422000000,0x000000a422100000) (1024K)]
  0x000001f8450a94c0 WorkerThread "GC Thread#14"                    [id=29324, stack(0x000000a422300000,0x000000a422400000) (1024K)]
Total: 17

Threads with active compile tasks:
C2 CompilerThread0  36089 19273   !   4       org.eclipse.jdt.internal.compiler.classfmt.ClassFileReader::<init> (1968 bytes)
Total: 1

VM state: at safepoint (normal execution)

VM Mutex/Monitor currently owned by a thread:  ([mutex/lock_event])
[0x00007ffe4e21e560] Threads_lock - owner thread: 0x000001f8659d4080
[0x00007ffe4e21e660] Heap_lock - owner thread: 0x000001f8459f88d0

Heap address: 0x0000000080000000, size: 2048 MB, Compressed Oops mode: 32-bit

CDS archive(s) mapped at: [0x000001f800000000-0x000001f800ba0000-0x000001f800ba0000), size 12189696, SharedBaseAddress: 0x000001f800000000, ArchiveRelocationMode: 1.
Compressed class space mapped at: 0x000001f801000000-0x000001f841000000, reserved size: 1073741824
Narrow klass base: 0x000001f800000000, Narrow klass shift: 0, Narrow klass range: 0x100000000

GC Precious Log:
 CardTable entry size: 512
 CPUs: 20 total, 20 available
 Memory: 16003M
 Large Page Support: Disabled
 NUMA Support: Disabled
 Compressed Oops: Enabled (32-bit)
 Alignments: Space 512K, Generation 512K, Heap 2M
 Heap Min Capacity: 100M
 Heap Initial Capacity: 100M
 Heap Max Capacity: 2G
 Pre-touch: Disabled
 Parallel Workers: 15

Heap:
 PSYoungGen      total 5120K, used 4256K [0x00000000d5580000, 0x00000000d5c00000, 0x0000000100000000)
  eden space 3584K, 100% used [0x00000000d5580000,0x00000000d5900000,0x00000000d5900000)
  from space 1536K, 43% used [0x00000000d5900000,0x00000000d59a8000,0x00000000d5a80000)
  to   space 1024K, 58% used [0x00000000d5b00000,0x00000000d5b95808,0x00000000d5c00000)
 ParOldGen       total 653824K, used 653491K [0x0000000080000000, 0x00000000a7e80000, 0x00000000d5580000)
  object space 653824K, 99% used [0x0000000080000000,0x00000000a7e2ce40,0x00000000a7e80000)
 Metaspace       used 76183K, committed 77760K, reserved 1179648K
  class space    used 7756K, committed 8448K, reserved 1048576K

Card table byte_map: [0x000001f8653e0000,0x000001f8657f0000] _byte_map_base: 0x000001f864fe0000

Marking Bits: (ParMarkBitMap*) 0x00007ffe4e223450
 Begin Bits: [0x000001f877ef0000, 0x000001f879ef0000)
 End Bits:   [0x000001f879ef0000, 0x000001f87bef0000)

Polling page: 0x000001f8637f0000

Metaspace:

Usage:
  Non-class:     66.82 MB used.
      Class:      7.58 MB used.
       Both:     74.40 MB used.

Virtual space:
  Non-class space:      128.00 MB reserved,      67.69 MB ( 53%) committed,  2 nodes.
      Class space:        1.00 GB reserved,       8.25 MB ( <1%) committed,  1 nodes.
             Both:        1.12 GB reserved,      75.94 MB (  7%) committed. 

Chunk freelists:
   Non-Class:  11.83 MB
       Class:  7.62 MB
        Both:  19.45 MB

MaxMetaspaceSize: unlimited
CompressedClassSpaceSize: 1.00 GB
Initial GC threshold: 21.00 MB
Current GC threshold: 125.94 MB
CDS: on
 - commit_granule_bytes: 65536.
 - commit_granule_words: 8192.
 - virtual_space_node_default_size: 8388608.
 - enlarge_chunks_in_place: 1.
 - use_allocation_guard: 0.


Internal statistics:

num_allocs_failed_limit: 13.
num_arena_births: 1410.
num_arena_deaths: 64.
num_vsnodes_births: 3.
num_vsnodes_deaths: 0.
num_space_committed: 1215.
num_space_uncommitted: 0.
num_chunks_returned_to_freelist: 95.
num_chunks_taken_from_freelist: 5036.
num_chunk_merges: 24.
num_chunk_splits: 3001.
num_chunks_enlarged: 1655.
num_inconsistent_stats: 0.

CodeHeap 'non-profiled nmethods': size=119168Kb used=12329Kb max_used=12329Kb free=106838Kb
 bounds [0x000001f8707e0000, 0x000001f8713f0000, 0x000001f877c40000]
CodeHeap 'profiled nmethods': size=119104Kb used=43058Kb max_used=43810Kb free=76045Kb
 bounds [0x000001f868c40000, 0x000001f86b760000, 0x000001f870090000]
CodeHeap 'non-nmethods': size=7488Kb used=1482Kb max_used=3257Kb free=6005Kb
 bounds [0x000001f870090000, 0x000001f8703d0000, 0x000001f8707e0000]
CodeCache: size=245760Kb, used=56869Kb, max_used=59396Kb, free=188888Kb
 total_blobs=18423, nmethods=17632, adapters=694, full_count=0
Compilation: enabled, stopped_count=0, restarted_count=0

Compilation events (20 events):
Event: 35.430 Thread 0x000001f87da33cf0 nmethod 19265 0x000001f8713df090 code [0x000001f8713df280, 0x000001f8713df930]
Event: 35.493 Thread 0x000001f87da3f1e0 19267       3       org.eclipse.core.internal.jobs.JobManager$$Lambda/0x000001f80120e000::apply (24 bytes)
Event: 35.494 Thread 0x000001f87da3f1e0 nmethod 19267 0x000001f8695d5310 code [0x000001f8695d54c0, 0x000001f8695d5718]
Event: 35.494 Thread 0x000001f87da3f1e0 19268       3       org.eclipse.core.internal.jobs.JobManager::lambda$2 (134 bytes)
Event: 35.495 Thread 0x000001f87da3f1e0 nmethod 19268 0x000001f86969eb10 code [0x000001f86969edc0, 0x000001f86969f9c8]
Event: 35.496 Thread 0x000001f87da3f1e0 19269   !   3       org.eclipse.jdt.internal.compiler.classfmt.ClassFileReader::<init> (1968 bytes)
Event: 35.502 Thread 0x000001f87da33cf0 19270       4       org.eclipse.jdt.internal.compiler.util.CharDeduplication::intern (11 bytes)
Event: 35.503 Thread 0x000001f87da3f1e0 nmethod 19269 0x000001f86b746f10 code [0x000001f86b747920, 0x000001f86b74f848]
Event: 35.505 Thread 0x000001f87da33cf0 nmethod 19270 0x000001f8713dfd10 code [0x000001f8713dfee0, 0x000001f8713e0150]
Event: 35.570 Thread 0x000001f87da33cf0 19271       4       org.eclipse.jdt.internal.compiler.classfmt.InnerClassInfo::<init> (40 bytes)
Event: 35.571 Thread 0x000001f87da33cf0 nmethod 19271 0x000001f8713e0490 code [0x000001f8713e0620, 0x000001f8713e0798]
Event: 35.626 Thread 0x000001f87da33cf0 19272 % !   4       org.eclipse.jdt.internal.compiler.classfmt.ClassFileReader::<init> @ 699 (1968 bytes)
Event: 35.795 Thread 0x000001f87da33cf0 nmethod 19272% 0x000001f8713e0910 code [0x000001f8713e0f60, 0x000001f8713e7450]
Event: 35.799 Thread 0x000001f87da33cf0 19273   !   4       org.eclipse.jdt.internal.compiler.classfmt.ClassFileReader::<init> (1968 bytes)
Event: 35.856 Thread 0x000001f87da3f1e0 19274       3       org.eclipse.jdt.internal.core.index.DiskIndex::writeStreamInt (122 bytes)
Event: 35.856 Thread 0x000001f87da3f1e0 nmethod 19274 0x000001f869192a90 code [0x000001f869192c40, 0x000001f869192f40]
Event: 35.892 Thread 0x000001f87da3f1e0 19275       3       org.eclipse.jdt.internal.compiler.classfmt.TypeAnnotationInfo::<init> (445 bytes)
Event: 35.893 Thread 0x000001f87da3f1e0 nmethod 19275 0x000001f869ab6b90 code [0x000001f869ab6e40, 0x000001f869ab8370]
Event: 36.026 Thread 0x000001f87da3f1e0 19276       3       org.eclipse.core.runtime.SubMonitor::<init> (57 bytes)
Event: 36.027 Thread 0x000001f87da3f1e0 nmethod 19276 0x000001f86964e890 code [0x000001f86964ea40, 0x000001f86964ec80]

GC Heap History (20 events):
Event: 35.767 GC heap before
{Heap before GC invocations=1751 (full 4):
 PSYoungGen      total 4608K, used 4288K [0x00000000d5580000, 0x00000000d5b00000, 0x0000000100000000)
  eden space 3584K, 100% used [0x00000000d5580000,0x00000000d5900000,0x00000000d5900000)
  from space 1024K, 68% used [0x00000000d5a00000,0x00000000d5ab0000,0x00000000d5b00000)
  to   space 1024K, 0% used [0x00000000d5900000,0x00000000d5900000,0x00000000d5a00000)
 ParOldGen       total 648192K, used 647921K [0x0000000080000000, 0x00000000a7900000, 0x00000000d5580000)
  object space 648192K, 99% used [0x0000000080000000,0x00000000a78bc640,0x00000000a7900000)
 Metaspace       used 76183K, committed 77760K, reserved 1179648K
  class space    used 7756K, committed 8448K, reserved 1048576K
}
Event: 35.769 GC heap after
{Heap after GC invocations=1751 (full 4):
 PSYoungGen      total 4608K, used 712K [0x00000000d5580000, 0x00000000d5b00000, 0x0000000100000000)
  eden space 3584K, 0% used [0x00000000d5580000,0x00000000d5580000,0x00000000d5900000)
  from space 1024K, 69% used [0x00000000d5900000,0x00000000d59b2058,0x00000000d5a00000)
  to   space 1024K, 0% used [0x00000000d5a00000,0x00000000d5a00000,0x00000000d5b00000)
 ParOldGen       total 648704K, used 648337K [0x0000000080000000, 0x00000000a7980000, 0x00000000d5580000)
  object space 648704K, 99% used [0x0000000080000000,0x00000000a7924640,0x00000000a7980000)
 Metaspace       used 76183K, committed 77760K, reserved 1179648K
  class space    used 7756K, committed 8448K, reserved 1048576K
}
Event: 35.780 GC heap before
{Heap before GC invocations=1752 (full 4):
 PSYoungGen      total 4608K, used 4296K [0x00000000d5580000, 0x00000000d5b00000, 0x0000000100000000)
  eden space 3584K, 100% used [0x00000000d5580000,0x00000000d5900000,0x00000000d5900000)
  from space 1024K, 69% used [0x00000000d5900000,0x00000000d59b2058,0x00000000d5a00000)
  to   space 1024K, 0% used [0x00000000d5a00000,0x00000000d5a00000,0x00000000d5b00000)
 ParOldGen       total 648704K, used 648337K [0x0000000080000000, 0x00000000a7980000, 0x00000000d5580000)
  object space 648704K, 99% used [0x0000000080000000,0x00000000a7924640,0x00000000a7980000)
 Metaspace       used 76183K, committed 77760K, reserved 1179648K
  class space    used 7756K, committed 8448K, reserved 1048576K
}
Event: 35.782 GC heap after
{Heap after GC invocations=1752 (full 4):
 PSYoungGen      total 4608K, used 608K [0x00000000d5580000, 0x00000000d5b00000, 0x0000000100000000)
  eden space 3584K, 0% used [0x00000000d5580000,0x00000000d5580000,0x00000000d5900000)
  from space 1024K, 59% used [0x00000000d5a00000,0x00000000d5a98000,0x00000000d5b00000)
  to   space 1024K, 0% used [0x00000000d5900000,0x00000000d5900000,0x00000000d5a00000)
 ParOldGen       total 649216K, used 648777K [0x0000000080000000, 0x00000000a7a00000, 0x00000000d5580000)
  object space 649216K, 99% used [0x0000000080000000,0x00000000a7992640,0x00000000a7a00000)
 Metaspace       used 76183K, committed 77760K, reserved 1179648K
  class space    used 7756K, committed 8448K, reserved 1048576K
}
Event: 35.791 GC heap before
{Heap before GC invocations=1753 (full 4):
 PSYoungGen      total 4608K, used 4192K [0x00000000d5580000, 0x00000000d5b00000, 0x0000000100000000)
  eden space 3584K, 100% used [0x00000000d5580000,0x00000000d5900000,0x00000000d5900000)
  from space 1024K, 59% used [0x00000000d5a00000,0x00000000d5a98000,0x00000000d5b00000)
  to   space 1024K, 0% used [0x00000000d5900000,0x00000000d5900000,0x00000000d5a00000)
 ParOldGen       total 649216K, used 648777K [0x0000000080000000, 0x00000000a7a00000, 0x00000000d5580000)
  object space 649216K, 99% used [0x0000000080000000,0x00000000a7992640,0x00000000a7a00000)
 Metaspace       used 76183K, committed 77760K, reserved 1179648K
  class space    used 7756K, committed 8448K, reserved 1048576K
}
Event: 35.793 GC heap after
{Heap after GC invocations=1753 (full 4):
 PSYoungGen      total 4608K, used 544K [0x00000000d5580000, 0x00000000d5b00000, 0x0000000100000000)
  eden space 3584K, 0% used [0x00000000d5580000,0x00000000d5580000,0x00000000d5900000)
  from space 1024K, 53% used [0x00000000d5900000,0x00000000d5988000,0x00000000d5a00000)
  to   space 1024K, 0% used [0x00000000d5a00000,0x00000000d5a00000,0x00000000d5b00000)
 ParOldGen       total 649216K, used 649201K [0x0000000080000000, 0x00000000a7a00000, 0x00000000d5580000)
  object space 649216K, 99% used [0x0000000080000000,0x00000000a79fc640,0x00000000a7a00000)
 Metaspace       used 76183K, committed 77760K, reserved 1179648K
  class space    used 7756K, committed 8448K, reserved 1048576K
}
Event: 35.802 GC heap before
{Heap before GC invocations=1754 (full 4):
 PSYoungGen      total 4608K, used 4128K [0x00000000d5580000, 0x00000000d5b00000, 0x0000000100000000)
  eden space 3584K, 100% used [0x00000000d5580000,0x00000000d5900000,0x00000000d5900000)
  from space 1024K, 53% used [0x00000000d5900000,0x00000000d5988000,0x00000000d5a00000)
  to   space 1024K, 0% used [0x00000000d5a00000,0x00000000d5a00000,0x00000000d5b00000)
 ParOldGen       total 649216K, used 649201K [0x0000000080000000, 0x00000000a7a00000, 0x00000000d5580000)
  object space 649216K, 99% used [0x0000000080000000,0x00000000a79fc640,0x00000000a7a00000)
 Metaspace       used 76183K, committed 77760K, reserved 1179648K
  class space    used 7756K, committed 8448K, reserved 1048576K
}
Event: 35.804 GC heap after
{Heap after GC invocations=1754 (full 4):
 PSYoungGen      total 4608K, used 640K [0x00000000d5580000, 0x00000000d5b00000, 0x0000000100000000)
  eden space 3584K, 0% used [0x00000000d5580000,0x00000000d5580000,0x00000000d5900000)
  from space 1024K, 62% used [0x00000000d5a00000,0x00000000d5aa0000,0x00000000d5b00000)
  to   space 1024K, 0% used [0x00000000d5900000,0x00000000d5900000,0x00000000d5a00000)
 ParOldGen       total 649728K, used 649601K [0x0000000080000000, 0x00000000a7a80000, 0x00000000d5580000)
  object space 649728K, 99% used [0x0000000080000000,0x00000000a7a60640,0x00000000a7a80000)
 Metaspace       used 76183K, committed 77760K, reserved 1179648K
  class space    used 7756K, committed 8448K, reserved 1048576K
}
Event: 35.835 GC heap before
{Heap before GC invocations=1755 (full 4):
 PSYoungGen      total 4608K, used 4224K [0x00000000d5580000, 0x00000000d5b00000, 0x0000000100000000)
  eden space 3584K, 100% used [0x00000000d5580000,0x00000000d5900000,0x00000000d5900000)
  from space 1024K, 62% used [0x00000000d5a00000,0x00000000d5aa0000,0x00000000d5b00000)
  to   space 1024K, 0% used [0x00000000d5900000,0x00000000d5900000,0x00000000d5a00000)
 ParOldGen       total 649728K, used 649601K [0x0000000080000000, 0x00000000a7a80000, 0x00000000d5580000)
  object space 649728K, 99% used [0x0000000080000000,0x00000000a7a60640,0x00000000a7a80000)
 Metaspace       used 76183K, committed 77760K, reserved 1179648K
  class space    used 7756K, committed 8448K, reserved 1048576K
}
Event: 35.837 GC heap after
{Heap after GC invocations=1755 (full 4):
 PSYoungGen      total 4608K, used 1023K [0x00000000d5580000, 0x00000000d5f00000, 0x0000000100000000)
  eden space 3584K, 0% used [0x00000000d5580000,0x00000000d5580000,0x00000000d5900000)
  from space 1024K, 99% used [0x00000000d5900000,0x00000000d59ffc00,0x00000000d5a00000)
  to   space 3072K, 0% used [0x00000000d5c00000,0x00000000d5c00000,0x00000000d5f00000)
 ParOldGen       total 651264K, used 651013K [0x0000000080000000, 0x00000000a7c00000, 0x00000000d5580000)
  object space 651264K, 99% used [0x0000000080000000,0x00000000a7bc1630,0x00000000a7c00000)
 Metaspace       used 76183K, committed 77760K, reserved 1179648K
  class space    used 7756K, committed 8448K, reserved 1048576K
}
Event: 35.897 GC heap before
{Heap before GC invocations=1756 (full 4):
 PSYoungGen      total 4608K, used 4607K [0x00000000d5580000, 0x00000000d5f00000, 0x0000000100000000)
  eden space 3584K, 100% used [0x00000000d5580000,0x00000000d5900000,0x00000000d5900000)
  from space 1024K, 99% used [0x00000000d5900000,0x00000000d59ffc00,0x00000000d5a00000)
  to   space 3072K, 0% used [0x00000000d5c00000,0x00000000d5c00000,0x00000000d5f00000)
 ParOldGen       total 651264K, used 651013K [0x0000000080000000, 0x00000000a7c00000, 0x00000000d5580000)
  object space 651264K, 99% used [0x0000000080000000,0x00000000a7bc1630,0x00000000a7c00000)
 Metaspace       used 76183K, committed 77760K, reserved 1179648K
  class space    used 7756K, committed 8448K, reserved 1048576K
}
Event: 35.899 GC heap after
{Heap after GC invocations=1756 (full 4):
 PSYoungGen      total 4608K, used 544K [0x00000000d5580000, 0x00000000d5d00000, 0x0000000100000000)
  eden space 3584K, 0% used [0x00000000d5580000,0x00000000d5580000,0x00000000d5900000)
  from space 1024K, 53% used [0x00000000d5c00000,0x00000000d5c88000,0x00000000d5d00000)
  to   space 1536K, 0% used [0x00000000d5a00000,0x00000000d5a00000,0x00000000d5b80000)
 ParOldGen       total 651264K, used 651117K [0x0000000080000000, 0x00000000a7c00000, 0x00000000d5580000)
  object space 651264K, 99% used [0x0000000080000000,0x00000000a7bdb630,0x00000000a7c00000)
 Metaspace       used 76183K, committed 77760K, reserved 1179648K
  class space    used 7756K, committed 8448K, reserved 1048576K
}
Event: 35.906 GC heap before
{Heap before GC invocations=1757 (full 4):
 PSYoungGen      total 4608K, used 4128K [0x00000000d5580000, 0x00000000d5d00000, 0x0000000100000000)
  eden space 3584K, 100% used [0x00000000d5580000,0x00000000d5900000,0x00000000d5900000)
  from space 1024K, 53% used [0x00000000d5c00000,0x00000000d5c88000,0x00000000d5d00000)
  to   space 1536K, 0% used [0x00000000d5a00000,0x00000000d5a00000,0x00000000d5b80000)
 ParOldGen       total 651264K, used 651117K [0x0000000080000000, 0x00000000a7c00000, 0x00000000d5580000)
  object space 651264K, 99% used [0x0000000080000000,0x00000000a7bdb630,0x00000000a7c00000)
 Metaspace       used 76183K, committed 77760K, reserved 1179648K
  class space    used 7756K, committed 8448K, reserved 1048576K
}
Event: 35.908 GC heap after
{Heap after GC invocations=1757 (full 4):
 PSYoungGen      total 5120K, used 640K [0x00000000d5580000, 0x00000000d5c80000, 0x0000000100000000)
  eden space 3584K, 0% used [0x00000000d5580000,0x00000000d5580000,0x00000000d5900000)
  from space 1536K, 41% used [0x00000000d5a00000,0x00000000d5aa0000,0x00000000d5b80000)
  to   space 1024K, 0% used [0x00000000d5b80000,0x00000000d5b80000,0x00000000d5c80000)
 ParOldGen       total 651776K, used 651525K [0x0000000080000000, 0x00000000a7c80000, 0x00000000d5580000)
  object space 651776K, 99% used [0x0000000080000000,0x00000000a7c41630,0x00000000a7c80000)
 Metaspace       used 76183K, committed 77760K, reserved 1179648K
  class space    used 7756K, committed 8448K, reserved 1048576K
}
Event: 36.030 GC heap before
{Heap before GC invocations=1758 (full 4):
 PSYoungGen      total 5120K, used 4224K [0x00000000d5580000, 0x00000000d5c80000, 0x0000000100000000)
  eden space 3584K, 100% used [0x00000000d5580000,0x00000000d5900000,0x00000000d5900000)
  from space 1536K, 41% used [0x00000000d5a00000,0x00000000d5aa0000,0x00000000d5b80000)
  to   space 1024K, 0% used [0x00000000d5b80000,0x00000000d5b80000,0x00000000d5c80000)
 ParOldGen       total 651776K, used 651525K [0x0000000080000000, 0x00000000a7c80000, 0x00000000d5580000)
  object space 651776K, 99% used [0x0000000080000000,0x00000000a7c41630,0x00000000a7c80000)
 Metaspace       used 76183K, committed 77760K, reserved 1179648K
  class space    used 7756K, committed 8448K, reserved 1048576K
}
Event: 36.032 GC heap after
{Heap after GC invocations=1758 (full 4):
 PSYoungGen      total 4608K, used 544K [0x00000000d5580000, 0x00000000d5c80000, 0x0000000100000000)
  eden space 3584K, 0% used [0x00000000d5580000,0x00000000d5580000,0x00000000d5900000)
  from space 1024K, 53% used [0x00000000d5b80000,0x00000000d5c08000,0x00000000d5c80000)
  to   space 1024K, 0% used [0x00000000d5a80000,0x00000000d5a80000,0x00000000d5b80000)
 ParOldGen       total 652288K, used 652048K [0x0000000080000000, 0x00000000a7d00000, 0x00000000d5580000)
  object space 652288K, 99% used [0x0000000080000000,0x00000000a7cc4238,0x00000000a7d00000)
 Metaspace       used 76183K, committed 77760K, reserved 1179648K
  class space    used 7756K, committed 8448K, reserved 1048576K
}
Event: 36.040 GC heap before
{Heap before GC invocations=1759 (full 4):
 PSYoungGen      total 4608K, used 4128K [0x00000000d5580000, 0x00000000d5c80000, 0x0000000100000000)
  eden space 3584K, 100% used [0x00000000d5580000,0x00000000d5900000,0x00000000d5900000)
  from space 1024K, 53% used [0x00000000d5b80000,0x00000000d5c08000,0x00000000d5c80000)
  to   space 1024K, 0% used [0x00000000d5a80000,0x00000000d5a80000,0x00000000d5b80000)
 ParOldGen       total 652288K, used 652048K [0x0000000080000000, 0x00000000a7d00000, 0x00000000d5580000)
  object space 652288K, 99% used [0x0000000080000000,0x00000000a7cc4238,0x00000000a7d00000)
 Metaspace       used 76183K, committed 77760K, reserved 1179648K
  class space    used 7756K, committed 8448K, reserved 1048576K
}
Event: 36.041 GC heap after
{Heap after GC invocations=1759 (full 4):
 PSYoungGen      total 4608K, used 704K [0x00000000d5580000, 0x00000000d5c00000, 0x0000000100000000)
  eden space 3584K, 0% used [0x00000000d5580000,0x00000000d5580000,0x00000000d5900000)
  from space 1024K, 68% used [0x00000000d5a80000,0x00000000d5b30000,0x00000000d5b80000)
  to   space 512K, 0% used [0x00000000d5b80000,0x00000000d5b80000,0x00000000d5c00000)
 ParOldGen       total 652800K, used 652288K [0x0000000080000000, 0x00000000a7d80000, 0x00000000d5580000)
  object space 652800K, 99% used [0x0000000080000000,0x00000000a7d00238,0x00000000a7d80000)
 Metaspace       used 76183K, committed 77760K, reserved 1179648K
  class space    used 7756K, committed 8448K, reserved 1048576K
}
Event: 36.049 GC heap before
{Heap before GC invocations=1760 (full 4):
 PSYoungGen      total 4608K, used 4288K [0x00000000d5580000, 0x00000000d5c00000, 0x0000000100000000)
  eden space 3584K, 100% used [0x00000000d5580000,0x00000000d5900000,0x00000000d5900000)
  from space 1024K, 68% used [0x00000000d5a80000,0x00000000d5b30000,0x00000000d5b80000)
  to   space 512K, 0% used [0x00000000d5b80000,0x00000000d5b80000,0x00000000d5c00000)
 ParOldGen       total 652800K, used 652288K [0x0000000080000000, 0x00000000a7d80000, 0x00000000d5580000)
  object space 652800K, 99% used [0x0000000080000000,0x00000000a7d00238,0x00000000a7d80000)
 Metaspace       used 76183K, committed 77760K, reserved 1179648K
  class space    used 7756K, committed 8448K, reserved 1048576K
}
Event: 36.050 GC heap after
{Heap after GC invocations=1760 (full 4):
 PSYoungGen      total 4096K, used 507K [0x00000000d5580000, 0x00000000d5c00000, 0x0000000100000000)
  eden space 3584K, 0% used [0x00000000d5580000,0x00000000d5580000,0x00000000d5900000)
  from space 512K, 99% used [0x00000000d5b80000,0x00000000d5bfec08,0x00000000d5c00000)
  to   space 1536K, 0% used [0x00000000d5900000,0x00000000d5900000,0x00000000d5a80000)
 ParOldGen       total 653312K, used 652808K [0x0000000080000000, 0x00000000a7e00000, 0x00000000d5580000)
  object space 653312K, 99% used [0x0000000080000000,0x00000000a7d82238,0x00000000a7e00000)
 Metaspace       used 76183K, committed 77760K, reserved 1179648K
  class space    used 7756K, committed 8448K, reserved 1048576K
}

Dll operation events (14 events):
Event: 0.010 Loaded shared library c:\Users\tahuy\.vscode\extensions\redhat.java-1.53.0-win32-x64\jre\21.0.10-win32-x86_64\bin\java.dll
Event: 0.075 Loaded shared library c:\Users\tahuy\.vscode\extensions\redhat.java-1.53.0-win32-x64\jre\21.0.10-win32-x86_64\bin\zip.dll
Event: 0.097 Loaded shared library C:\Users\tahuy\.vscode\extensions\redhat.java-1.53.0-win32-x64\jre\21.0.10-win32-x86_64\bin\instrument.dll
Event: 0.103 Loaded shared library C:\Users\tahuy\.vscode\extensions\redhat.java-1.53.0-win32-x64\jre\21.0.10-win32-x86_64\bin\net.dll
Event: 0.106 Loaded shared library C:\Users\tahuy\.vscode\extensions\redhat.java-1.53.0-win32-x64\jre\21.0.10-win32-x86_64\bin\nio.dll
Event: 0.109 Loaded shared library C:\Users\tahuy\.vscode\extensions\redhat.java-1.53.0-win32-x64\jre\21.0.10-win32-x86_64\bin\zip.dll
Event: 0.129 Loaded shared library C:\Users\tahuy\.vscode\extensions\redhat.java-1.53.0-win32-x64\jre\21.0.10-win32-x86_64\bin\jimage.dll
Event: 0.219 Loaded shared library c:\Users\tahuy\.vscode\extensions\redhat.java-1.53.0-win32-x64\jre\21.0.10-win32-x86_64\bin\verify.dll
Event: 1.385 Loaded shared library C:\Users\tahuy\AppData\Roaming\Code\User\globalStorage\redhat.java\1.53.0\config_win\org.eclipse.equinox.launcher\org.eclipse.equinox.launcher.win32.win32.x86_64_1.3.0.v20260203-2149\eclipse_11919.dll
Event: 2.755 Loaded shared library C:\Users\tahuy\.vscode\extensions\redhat.java-1.53.0-win32-x64\jre\21.0.10-win32-x86_64\bin\management.dll
Event: 2.760 Loaded shared library C:\Users\tahuy\.vscode\extensions\redhat.java-1.53.0-win32-x64\jre\21.0.10-win32-x86_64\bin\management_ext.dll
Event: 4.299 Loaded shared library C:\Users\tahuy\AppData\Local\Temp\jna-110121855\jna1708893009800768914.dll
Event: 4.692 Loaded shared library C:\Users\tahuy\.vscode\extensions\redhat.java-1.53.0-win32-x64\jre\21.0.10-win32-x86_64\bin\sunmscapi.dll
Event: 5.604 Loaded shared library C:\Users\tahuy\.vscode\extensions\redhat.java-1.53.0-win32-x64\jre\21.0.10-win32-x86_64\bin\extnet.dll

Deoptimization events (20 events):
Event: 35.732 Thread 0x000001f8459f88d0 DEOPT PACKING pc=0x000001f86b74dca2 sp=0x000000a4225fe910
Event: 35.732 Thread 0x000001f8459f88d0 DEOPT UNPACKING pc=0x000001f8700e4242 sp=0x000000a4225fde88 mode 0
Event: 35.739 Thread 0x000001f8459f88d0 DEOPT PACKING pc=0x000001f86b74dca2 sp=0x000000a4225fe910
Event: 35.739 Thread 0x000001f8459f88d0 DEOPT UNPACKING pc=0x000001f8700e4242 sp=0x000000a4225fde88 mode 0
Event: 35.770 Thread 0x000001f8459f88d0 DEOPT PACKING pc=0x000001f86b74dca2 sp=0x000000a4225fe910
Event: 35.770 Thread 0x000001f8459f88d0 DEOPT UNPACKING pc=0x000001f8700e4242 sp=0x000000a4225fde88 mode 0
Event: 35.789 Thread 0x000001f8459f88d0 DEOPT PACKING pc=0x000001f86b74dca2 sp=0x000000a4225fe910
Event: 35.789 Thread 0x000001f8459f88d0 DEOPT UNPACKING pc=0x000001f8700e4242 sp=0x000000a4225fde88 mode 0
Event: 35.799 Thread 0x000001f8459f88d0 DEOPT PACKING pc=0x000001f86b74dca2 sp=0x000000a4225fe910
Event: 35.799 Thread 0x000001f8459f88d0 DEOPT UNPACKING pc=0x000001f8700e4242 sp=0x000000a4225fde88 mode 0
Event: 35.893 Thread 0x000001f8459f88d0 DEOPT PACKING pc=0x000001f86b74dca2 sp=0x000000a4225fe910
Event: 35.893 Thread 0x000001f8459f88d0 DEOPT UNPACKING pc=0x000001f8700e4242 sp=0x000000a4225fde88 mode 0
Event: 35.903 Thread 0x000001f8459f88d0 DEOPT PACKING pc=0x000001f86b74dca2 sp=0x000000a4225fe910
Event: 35.903 Thread 0x000001f8459f88d0 DEOPT UNPACKING pc=0x000001f8700e4242 sp=0x000000a4225fde88 mode 0
Event: 36.029 Thread 0x000001f8459f88d0 DEOPT PACKING pc=0x000001f86b74dca2 sp=0x000000a4225fe910
Event: 36.029 Thread 0x000001f8459f88d0 DEOPT UNPACKING pc=0x000001f8700e4242 sp=0x000000a4225fde88 mode 0
Event: 36.040 Thread 0x000001f8459f88d0 DEOPT PACKING pc=0x000001f86b74dca2 sp=0x000000a4225fe910
Event: 36.040 Thread 0x000001f8459f88d0 DEOPT UNPACKING pc=0x000001f8700e4242 sp=0x000000a4225fde88 mode 0
Event: 36.048 Thread 0x000001f8459f88d0 DEOPT PACKING pc=0x000001f86b74dca2 sp=0x000000a4225fe910
Event: 36.048 Thread 0x000001f8459f88d0 DEOPT UNPACKING pc=0x000001f8700e4242 sp=0x000000a4225fde88 mode 0

Classes loaded (20 events):
Event: 19.392 Loading class java/util/concurrent/ArrayBlockingQueue
Event: 19.393 Loading class java/util/concurrent/ArrayBlockingQueue done
Event: 19.447 Loading class java/util/Hashtable$ValueCollection
Event: 19.447 Loading class java/util/Hashtable$ValueCollection done
Event: 19.452 Loading class java/util/concurrent/ConcurrentHashMap$KeySpliterator
Event: 19.452 Loading class java/util/concurrent/ConcurrentHashMap$KeySpliterator done
Event: 20.774 Loading class jdk/internal/module/IllegalAccessLogger
Event: 20.774 Loading class jdk/internal/module/IllegalAccessLogger done
Event: 21.124 Loading class java/io/CharArrayWriter
Event: 21.126 Loading class java/io/CharArrayWriter done
Event: 21.760 Loading class java/util/stream/ReduceOps$5
Event: 21.761 Loading class java/util/stream/ReduceOps$5 done
Event: 21.761 Loading class java/util/stream/ReduceOps$CountingSink$OfRef
Event: 21.761 Loading class java/util/stream/ReduceOps$CountingSink
Event: 21.761 Loading class java/util/stream/ReduceOps$CountingSink done
Event: 21.761 Loading class java/util/stream/ReduceOps$CountingSink$OfRef done
Event: 21.917 Loading class java/util/stream/ReduceOps$1
Event: 21.917 Loading class java/util/stream/ReduceOps$1 done
Event: 21.917 Loading class java/util/stream/ReduceOps$1ReducingSink
Event: 21.917 Loading class java/util/stream/ReduceOps$1ReducingSink done

Classes unloaded (20 events):
Event: 4.727 Thread 0x000001f8659d4080 Unloading class 0x000001f801329800 'java/lang/invoke/LambdaForm$MH+0x000001f801329800'
Event: 4.727 Thread 0x000001f8659d4080 Unloading class 0x000001f801323c00 'java/lang/invoke/LambdaForm$MH+0x000001f801323c00'
Event: 4.727 Thread 0x000001f8659d4080 Unloading class 0x000001f801323400 'java/lang/invoke/LambdaForm$MH+0x000001f801323400'
Event: 4.727 Thread 0x000001f8659d4080 Unloading class 0x000001f801322800 'java/lang/invoke/LambdaForm$MH+0x000001f801322800'
Event: 4.727 Thread 0x000001f8659d4080 Unloading class 0x000001f801322000 'java/lang/invoke/LambdaForm$MH+0x000001f801322000'
Event: 4.727 Thread 0x000001f8659d4080 Unloading class 0x000001f801321800 'java/lang/invoke/LambdaForm$MH+0x000001f801321800'
Event: 4.727 Thread 0x000001f8659d4080 Unloading class 0x000001f801321000 'java/lang/invoke/LambdaForm$MH+0x000001f801321000'
Event: 4.727 Thread 0x000001f8659d4080 Unloading class 0x000001f801320800 'java/lang/invoke/LambdaForm$MH+0x000001f801320800'
Event: 4.727 Thread 0x000001f8659d4080 Unloading class 0x000001f801320400 'java/lang/invoke/LambdaForm$DMH+0x000001f801320400'
Event: 16.136 Thread 0x000001f8659d4080 Unloading class 0x000001f801638c00 'java/lang/invoke/LambdaForm$DMH+0x000001f801638c00'
Event: 16.136 Thread 0x000001f8659d4080 Unloading class 0x000001f801638400 'java/lang/invoke/LambdaForm$DMH+0x000001f801638400'
Event: 16.136 Thread 0x000001f8659d4080 Unloading class 0x000001f801638800 'java/lang/invoke/LambdaForm$DMH+0x000001f801638800'
Event: 16.136 Thread 0x000001f8659d4080 Unloading class 0x000001f801638000 'java/lang/invoke/LambdaForm$DMH+0x000001f801638000'
Event: 16.136 Thread 0x000001f8659d4080 Unloading class 0x000001f8015b8800 'java/lang/invoke/LambdaForm$DMH+0x000001f8015b8800'
Event: 23.426 Thread 0x000001f8659d4080 Unloading class 0x000001f8017e6800 'java/lang/invoke/LambdaForm$MH+0x000001f8017e6800'
Event: 23.426 Thread 0x000001f8659d4080 Unloading class 0x000001f8017e6000 'java/lang/invoke/LambdaForm$MH+0x000001f8017e6000'
Event: 23.426 Thread 0x000001f8659d4080 Unloading class 0x000001f8017e5800 'java/lang/invoke/LambdaForm$MH+0x000001f8017e5800'
Event: 23.426 Thread 0x000001f8659d4080 Unloading class 0x000001f8017e5400 'java/lang/invoke/LambdaForm$DMH+0x000001f8017e5400'
Event: 23.426 Thread 0x000001f8659d4080 Unloading class 0x000001f8017e4c00 'java/lang/invoke/LambdaForm$DMH+0x000001f8017e4c00'
Event: 23.426 Thread 0x000001f8659d4080 Unloading class 0x000001f8017e4400 'java/lang/invoke/LambdaForm$MH+0x000001f8017e4400'

Classes redefined (0 events):
No events

Internal exceptions (20 events):
Event: 32.506 Thread 0x000001f8459f88d0 Exception <a 'sun/nio/fs/WindowsException'{0x00000000d55e6b68}> (0x00000000d55e6b68) 
thrown [s\src\hotspot\share\prims\jni.cpp, line 520]
Event: 32.555 Thread 0x000001f8459f88d0 Exception <a 'sun/nio/fs/WindowsException'{0x00000000d56aba68}> (0x00000000d56aba68) 
thrown [s\src\hotspot\share\prims\jni.cpp, line 520]
Event: 32.612 Thread 0x000001f8459f88d0 Exception <a 'sun/nio/fs/WindowsException'{0x00000000d55c2c98}> (0x00000000d55c2c98) 
thrown [s\src\hotspot\share\prims\jni.cpp, line 520]
Event: 34.747 Thread 0x000001f8459f88d0 Exception <a 'sun/nio/fs/WindowsException'{0x00000000d56a3c58}> (0x00000000d56a3c58) 
thrown [s\src\hotspot\share\prims\jni.cpp, line 520]
Event: 34.777 Thread 0x000001f8459f88d0 Exception <a 'sun/nio/fs/WindowsException'{0x00000000d5752dc8}> (0x00000000d5752dc8) 
thrown [s\src\hotspot\share\prims\jni.cpp, line 520]
Event: 34.848 Thread 0x000001f8459f88d0 Exception <a 'sun/nio/fs/WindowsException'{0x00000000d566dc78}> (0x00000000d566dc78) 
thrown [s\src\hotspot\share\prims\jni.cpp, line 520]
Event: 34.957 Thread 0x000001f8459f88d0 Exception <a 'sun/nio/fs/WindowsException'{0x00000000d569c5c0}> (0x00000000d569c5c0) 
thrown [s\src\hotspot\share\prims\jni.cpp, line 520]
Event: 35.011 Thread 0x000001f8459f88d0 Exception <a 'sun/nio/fs/WindowsException'{0x00000000d5628278}> (0x00000000d5628278) 
thrown [s\src\hotspot\share\prims\jni.cpp, line 520]
Event: 35.040 Thread 0x000001f8459f88d0 Exception <a 'sun/nio/fs/WindowsException'{0x00000000d5658238}> (0x00000000d5658238) 
thrown [s\src\hotspot\share\prims\jni.cpp, line 520]
Event: 35.081 Thread 0x000001f8459f88d0 Exception <a 'sun/nio/fs/WindowsException'{0x00000000d5765430}> (0x00000000d5765430) 
thrown [s\src\hotspot\share\prims\jni.cpp, line 520]
Event: 35.111 Thread 0x000001f8459f88d0 Exception <a 'sun/nio/fs/WindowsException'{0x00000000d57a87e0}> (0x00000000d57a87e0) 
thrown [s\src\hotspot\share\prims\jni.cpp, line 520]
Event: 35.155 Thread 0x000001f8459f88d0 Exception <a 'sun/nio/fs/WindowsException'{0x00000000d56d8460}> (0x00000000d56d8460) 
thrown [s\src\hotspot\share\prims\jni.cpp, line 520]
Event: 35.415 Thread 0x000001f8459f88d0 Exception <a 'sun/nio/fs/WindowsException'{0x00000000d58107f0}> (0x00000000d58107f0) 
thrown [s\src\hotspot\share\prims\jni.cpp, line 520]
Event: 35.488 Thread 0x000001f8459f88d0 Exception <a 'sun/nio/fs/WindowsException'{0x00000000d5830838}> (0x00000000d5830838) 
thrown [s\src\hotspot\share\prims\jni.cpp, line 520]
Event: 35.563 Thread 0x000001f8459f88d0 Exception <a 'sun/nio/fs/WindowsException'{0x00000000d5889a48}> (0x00000000d5889a48) 
thrown [s\src\hotspot\share\prims\jni.cpp, line 520]
Event: 35.604 Thread 0x000001f8459f88d0 Exception <a 'sun/nio/fs/WindowsException'{0x00000000d569fe10}> (0x00000000d569fe10) 
thrown [s\src\hotspot\share\prims\jni.cpp, line 520]
Event: 35.887 Thread 0x000001f8459f88d0 Exception <a 'sun/nio/fs/WindowsException'{0x00000000d563b1c8}> (0x00000000d563b1c8) 
thrown [s\src\hotspot\share\prims\jni.cpp, line 520]
Event: 35.947 Thread 0x000001f8459f88d0 Exception <a 'sun/nio/fs/WindowsException'{0x00000000d56702c8}> (0x00000000d56702c8) 
thrown [s\src\hotspot\share\prims\jni.cpp, line 520]
Event: 35.987 Thread 0x000001f8459f88d0 Exception <a 'sun/nio/fs/WindowsException'{0x00000000d57a0cd8}> (0x00000000d57a0cd8) 
thrown [s\src\hotspot\share\prims\jni.cpp, line 520]
Event: 36.024 Thread 0x000001f8459f88d0 Exception <a 'sun/nio/fs/WindowsException'{0x00000000d5851bc0}> (0x00000000d5851bc0) 
thrown [s\src\hotspot\share\prims\jni.cpp, line 520]

ZGC Phase Switch (0 events):
No events

VM Operations (20 events):
Event: 35.752 Executing safepoint VM operation: ParallelGCFailedAllocation (Allocation Failure) done
Event: 35.767 Executing safepoint VM operation: ParallelGCFailedAllocation (Allocation Failure)
Event: 35.769 Executing safepoint VM operation: ParallelGCFailedAllocation (Allocation Failure) done
Event: 35.780 Executing safepoint VM operation: ParallelGCFailedAllocation (Allocation Failure)
Event: 35.782 Executing safepoint VM operation: ParallelGCFailedAllocation (Allocation Failure) done
Event: 35.791 Executing safepoint VM operation: ParallelGCFailedAllocation (Allocation Failure)
Event: 35.793 Executing safepoint VM operation: ParallelGCFailedAllocation (Allocation Failure) done
Event: 35.802 Executing safepoint VM operation: ParallelGCFailedAllocation (Allocation Failure)
Event: 35.804 Executing safepoint VM operation: ParallelGCFailedAllocation (Allocation Failure) done
Event: 35.835 Executing safepoint VM operation: ParallelGCFailedAllocation (Allocation Failure)
Event: 35.837 Executing safepoint VM operation: ParallelGCFailedAllocation (Allocation Failure) done
Event: 35.897 Executing safepoint VM operation: ParallelGCFailedAllocation (Allocation Failure)
Event: 35.899 Executing safepoint VM operation: ParallelGCFailedAllocation (Allocation Failure) done
Event: 35.906 Executing safepoint VM operation: ParallelGCFailedAllocation (Allocation Failure)
Event: 35.908 Executing safepoint VM operation: ParallelGCFailedAllocation (Allocation Failure) done
Event: 36.030 Executing safepoint VM operation: ParallelGCFailedAllocation (Allocation Failure)
Event: 36.032 Executing safepoint VM operation: ParallelGCFailedAllocation (Allocation Failure) done
Event: 36.040 Executing safepoint VM operation: ParallelGCFailedAllocation (Allocation Failure)
Event: 36.041 Executing safepoint VM operation: ParallelGCFailedAllocation (Allocation Failure) done
Event: 36.049 Executing safepoint VM operation: ParallelGCFailedAllocation (Allocation Failure)

Memory protections (0 events):
No events

Nmethod flushes (20 events):
Event: 23.467 Thread 0x000001f8659d4080 flushing  nmethod 0x000001f869ed6910
Event: 23.467 Thread 0x000001f8659d4080 flushing  nmethod 0x000001f869ee0210
Event: 23.467 Thread 0x000001f8659d4080 flushing  nmethod 0x000001f869ef6f10
Event: 23.467 Thread 0x000001f8659d4080 flushing  nmethod 0x000001f869f21190
Event: 23.467 Thread 0x000001f8659d4080 flushing  nmethod 0x000001f869f24210
Event: 23.467 Thread 0x000001f8659d4080 flushing  nmethod 0x000001f869f43690
Event: 23.467 Thread 0x000001f8659d4080 flushing  nmethod 0x000001f869f5d490
Event: 23.467 Thread 0x000001f8659d4080 flushing  nmethod 0x000001f869f5e790
Event: 23.467 Thread 0x000001f8659d4080 flushing  nmethod 0x000001f869f65c10
Event: 23.467 Thread 0x000001f8659d4080 flushing  nmethod 0x000001f869fa0010
Event: 23.467 Thread 0x000001f8659d4080 flushing  nmethod 0x000001f869fbd610
Event: 23.467 Thread 0x000001f8659d4080 flushing  nmethod 0x000001f869fe3a90
Event: 23.467 Thread 0x000001f8659d4080 flushing  nmethod 0x000001f869fe4390
Event: 23.467 Thread 0x000001f8659d4080 flushing  nmethod 0x000001f86a000910
Event: 23.467 Thread 0x000001f8659d4080 flushing  nmethod 0x000001f86a00a210
Event: 23.467 Thread 0x000001f8659d4080 flushing  nmethod 0x000001f86a01a610
Event: 23.467 Thread 0x000001f8659d4080 flushing  nmethod 0x000001f86a01d590
Event: 23.467 Thread 0x000001f8659d4080 flushing  nmethod 0x000001f86a0b4210
Event: 23.467 Thread 0x000001f8659d4080 flushing  nmethod 0x000001f86a0b4590
Event: 23.467 Thread 0x000001f8659d4080 flushing  nmethod 0x000001f86a0ddc90

Events (20 events):
Event: 20.977 Thread 0x000001f8459f8f60 Thread added: 0x000001f847998480
Event: 20.978 Thread 0x000001f8459f8f60 Thread added: 0x000001f847999830
Event: 20.978 Thread 0x000001f8459f8f60 Thread added: 0x000001f847999ec0
Event: 21.001 Thread 0x000001f847997df0 Thread exited: 0x000001f847997df0
Event: 21.001 Thread 0x000001f847999830 Thread exited: 0x000001f847999830
Event: 21.001 Thread 0x000001f847998b10 Thread exited: 0x000001f847998b10
Event: 21.001 Thread 0x000001f847998480 Thread exited: 0x000001f847998480
Event: 21.001 Thread 0x000001f847999ec0 Thread exited: 0x000001f847999ec0
Event: 21.375 Thread 0x000001f84734dfe0 Thread exited: 0x000001f84734dfe0
Event: 25.509 Thread 0x000001f847ac4360 Thread exited: 0x000001f847ac4360
Event: 25.518 Thread 0x000001f847ac5100 Thread exited: 0x000001f847ac5100
Event: 25.525 Thread 0x000001f87db01d40 Thread exited: 0x000001f87db01d40
Event: 26.596 Thread 0x000001f847ac2820 Thread exited: 0x000001f847ac2820
Event: 26.906 Thread 0x000001f847ac2150 Thread exited: 0x000001f847ac2150
Event: 30.842 Thread 0x000001f87da3f1e0 Thread added: 0x000001f8491484e0
Event: 31.183 Thread 0x000001f87da3f1e0 Thread added: 0x000001f84914c900
Event: 31.433 Thread 0x000001f8491484e0 Thread exited: 0x000001f8491484e0
Event: 31.458 Thread 0x000001f87da33cf0 Thread added: 0x000001f84914adc0
Event: 32.111 Thread 0x000001f84914adc0 Thread exited: 0x000001f84914adc0
Event: 33.681 Thread 0x000001f84914c900 Thread exited: 0x000001f84914c900


Dynamic libraries:
0x00007ff7f9420000 - 0x00007ff7f942e000 	c:\Users\tahuy\.vscode\extensions\redhat.java-1.53.0-win32-x64\jre\21.0.10-win32-x86_64\bin\java.exe
0x00007ffee9800000 - 0x00007ffee9a67000 	C:\WINDOWS\SYSTEM32\ntdll.dll
0x00007ffee7ba0000 - 0x00007ffee7c69000 	C:\WINDOWS\System32\KERNEL32.DLL
0x00007ffee7030000 - 0x00007ffee7421000 	C:\WINDOWS\System32\KERNELBASE.dll
0x00007ffee6ee0000 - 0x00007ffee702b000 	C:\WINDOWS\System32\ucrtbase.dll
0x00007ffe853e0000 - 0x00007ffe853f8000 	c:\Users\tahuy\.vscode\extensions\redhat.java-1.53.0-win32-x64\jre\21.0.10-win32-x86_64\bin\jli.dll
0x00007ffe85400000 - 0x00007ffe8541e000 	c:\Users\tahuy\.vscode\extensions\redhat.java-1.53.0-win32-x64\jre\21.0.10-win32-x86_64\bin\VCRUNTIME140.dll
0x00007ffee7990000 - 0x00007ffee7b55000 	C:\WINDOWS\System32\USER32.dll
0x00007ffeceea0000 - 0x00007ffecf133000 	C:\WINDOWS\WinSxS\amd64_microsoft.windows.common-controls_6595b64144ccf1df_6.0.26100.7922_none_3e089e1ee3342171\COMCTL32.dll
0x00007ffee6d40000 - 0x00007ffee6d67000 	C:\WINDOWS\System32\win32u.dll
0x00007ffee8c30000 - 0x00007ffee8cd9000 	C:\WINDOWS\System32\msvcrt.dll
0x00007ffee94d0000 - 0x00007ffee94fb000 	C:\WINDOWS\System32\GDI32.dll
0x00007ffee6c10000 - 0x00007ffee6d3a000 	C:\WINDOWS\System32\gdi32full.dll
0x00007ffee62f0000 - 0x00007ffee6393000 	C:\WINDOWS\System32\msvcp_win.dll
0x00007ffee7950000 - 0x00007ffee7981000 	C:\WINDOWS\System32\IMM32.DLL
0x00007ffeb8570000 - 0x00007ffeb857c000 	c:\Users\tahuy\.vscode\extensions\redhat.java-1.53.0-win32-x64\jre\21.0.10-win32-x86_64\bin\vcruntime140_1.dll
0x00007ffe85350000 - 0x00007ffe853dd000 	c:\Users\tahuy\.vscode\extensions\redhat.java-1.53.0-win32-x64\jre\21.0.10-win32-x86_64\bin\msvcp140.dll
0x00007ffe4d560000 - 0x00007ffe4e301000 	c:\Users\tahuy\.vscode\extensions\redhat.java-1.53.0-win32-x64\jre\21.0.10-win32-x86_64\bin\server\jvm.dll
0x00007ffee81d0000 - 0x00007ffee828b000 	C:\WINDOWS\System32\ADVAPI32.dll
0x00007ffee78a0000 - 0x00007ffee7947000 	C:\WINDOWS\System32\sechost.dll
0x00007ffee8290000 - 0x00007ffee83a8000 	C:\WINDOWS\System32\RPCRT4.dll
0x00007ffee96e0000 - 0x00007ffee9754000 	C:\WINDOWS\System32\WS2_32.dll
0x00007ffedce10000 - 0x00007ffedce45000 	C:\WINDOWS\SYSTEM32\WINMM.dll
0x00007ffee5f40000 - 0x00007ffee5f9e000 	C:\WINDOWS\SYSTEM32\POWRPROF.dll
0x00007ffed4930000 - 0x00007ffed493b000 	C:\WINDOWS\SYSTEM32\VERSION.dll
0x00007ffee5f20000 - 0x00007ffee5f34000 	C:\WINDOWS\SYSTEM32\UMPDC.dll
0x00007ffee4e70000 - 0x00007ffee4e8b000 	C:\WINDOWS\SYSTEM32\kernel.appcore.dll
0x00007ffeb7f80000 - 0x00007ffeb7f8a000 	c:\Users\tahuy\.vscode\extensions\redhat.java-1.53.0-win32-x64\jre\21.0.10-win32-x86_64\bin\jimage.dll
0x00007ffee3860000 - 0x00007ffee3aa2000 	C:\WINDOWS\SYSTEM32\DBGHELP.DLL
0x00007ffee7d70000 - 0x00007ffee80f2000 	C:\WINDOWS\System32\combase.dll
0x00007ffee8d60000 - 0x00007ffee8e37000 	C:\WINDOWS\System32\OLEAUT32.dll
0x00007ffec5de0000 - 0x00007ffec5e1b000 	C:\WINDOWS\SYSTEM32\dbgcore.DLL
0x00007ffee74f0000 - 0x00007ffee7595000 	C:\WINDOWS\System32\bcryptPrimitives.dll
0x00007ffeb6170000 - 0x00007ffeb617f000 	c:\Users\tahuy\.vscode\extensions\redhat.java-1.53.0-win32-x64\jre\21.0.10-win32-x86_64\bin\instrument.dll
0x00007ffe83830000 - 0x00007ffe83850000 	c:\Users\tahuy\.vscode\extensions\redhat.java-1.53.0-win32-x64\jre\21.0.10-win32-x86_64\bin\java.dll
0x00007ffee8440000 - 0x00007ffee8b9f000 	C:\WINDOWS\System32\SHELL32.dll
0x00007ffee6d70000 - 0x00007ffee6eda000 	C:\WINDOWS\System32\wintypes.dll
0x00007ffee63a0000 - 0x00007ffee6c04000 	C:\WINDOWS\System32\windows.storage.dll
0x00007ffee9340000 - 0x00007ffee9437000 	C:\WINDOWS\System32\SHCORE.dll
0x00007ffee92d0000 - 0x00007ffee9337000 	C:\WINDOWS\System32\shlwapi.dll
0x00007ffee6000000 - 0x00007ffee6029000 	C:\WINDOWS\SYSTEM32\profapi.dll
0x00007ffe852c0000 - 0x00007ffe852d8000 	c:\Users\tahuy\.vscode\extensions\redhat.java-1.53.0-win32-x64\jre\21.0.10-win32-x86_64\bin\zip.dll
0x00007ffeb5630000 - 0x00007ffeb5640000 	C:\Users\tahuy\.vscode\extensions\redhat.java-1.53.0-win32-x64\jre\21.0.10-win32-x86_64\bin\net.dll
0x00007ffee04d0000 - 0x00007ffee05f7000 	C:\WINDOWS\SYSTEM32\WINHTTP.dll
0x00007ffee53e0000 - 0x00007ffee544b000 	C:\WINDOWS\system32\mswsock.dll
0x00007ffe836c0000 - 0x00007ffe836d6000 	C:\Users\tahuy\.vscode\extensions\redhat.java-1.53.0-win32-x64\jre\21.0.10-win32-x86_64\bin\nio.dll
0x00007ffeaa3c0000 - 0x00007ffeaa3d0000 	c:\Users\tahuy\.vscode\extensions\redhat.java-1.53.0-win32-x64\jre\21.0.10-win32-x86_64\bin\verify.dll
0x00007ffe62180000 - 0x00007ffe621c5000 	C:\Users\tahuy\AppData\Roaming\Code\User\globalStorage\redhat.java\1.53.0\config_win\org.eclipse.equinox.launcher\org.eclipse.equinox.launcher.win32.win32.x86_64_1.3.0.v20260203-2149\eclipse_11919.dll
0x00007ffee75a0000 - 0x00007ffee7735000 	C:\WINDOWS\System32\ole32.dll
0x00007ffe87620000 - 0x00007ffe8762a000 	C:\Users\tahuy\.vscode\extensions\redhat.java-1.53.0-win32-x64\jre\21.0.10-win32-x86_64\bin\management.dll
0x00007ffe875d0000 - 0x00007ffe875dc000 	C:\Users\tahuy\.vscode\extensions\redhat.java-1.53.0-win32-x64\jre\21.0.10-win32-x86_64\bin\management_ext.dll
0x00007ffee8430000 - 0x00007ffee8438000 	C:\WINDOWS\System32\PSAPI.DLL
0x00007ffee56c0000 - 0x00007ffee56db000 	C:\WINDOWS\SYSTEM32\CRYPTSP.dll
0x00007ffee4dd0000 - 0x00007ffee4e09000 	C:\WINDOWS\system32\rsaenh.dll
0x00007ffee5490000 - 0x00007ffee54c2000 	C:\WINDOWS\SYSTEM32\USERENV.dll
0x00007ffee5fd0000 - 0x00007ffee5ffa000 	C:\WINDOWS\SYSTEM32\bcrypt.dll
0x00007ffee56e0000 - 0x00007ffee56ec000 	C:\WINDOWS\SYSTEM32\CRYPTBASE.dll
0x00007ffee48e0000 - 0x00007ffee4913000 	C:\WINDOWS\SYSTEM32\IPHLPAPI.DLL
0x00007ffee8bb0000 - 0x00007ffee8bba000 	C:\WINDOWS\System32\NSI.dll
0x00007ffe50d90000 - 0x00007ffe50dd9000 	C:\Users\tahuy\AppData\Local\Temp\jna-110121855\jna1708893009800768914.dll
0x00007ffee0ac0000 - 0x00007ffee0add000 	C:\WINDOWS\SYSTEM32\dhcpcsvc6.DLL
0x00007ffee0a10000 - 0x00007ffee0a33000 	C:\WINDOWS\SYSTEM32\dhcpcsvc.DLL
0x00007ffe87a70000 - 0x00007ffe87a7e000 	C:\Users\tahuy\.vscode\extensions\redhat.java-1.53.0-win32-x64\jre\21.0.10-win32-x86_64\bin\sunmscapi.dll
0x00007ffee6170000 - 0x00007ffee62e7000 	C:\WINDOWS\System32\CRYPT32.dll
0x00007ffee58e0000 - 0x00007ffee5910000 	C:\WINDOWS\SYSTEM32\ncrypt.dll
0x00007ffee5890000 - 0x00007ffee58cf000 	C:\WINDOWS\SYSTEM32\NTASN1.dll
0x00007ffee4920000 - 0x00007ffee4a4a000 	C:\WINDOWS\SYSTEM32\DNSAPI.dll
0x00007ffedf8c0000 - 0x00007ffedf8cb000 	C:\Windows\System32\rasadhlp.dll
0x00007ffee0c60000 - 0x00007ffee0ce6000 	C:\WINDOWS\System32\fwpuclnt.dll
0x00007ffec0b10000 - 0x00007ffec0b19000 	C:\Users\tahuy\.vscode\extensions\redhat.java-1.53.0-win32-x64\jre\21.0.10-win32-x86_64\bin\extnet.dll

JVMTI agents:
c:\Users\tahuy\.vscode\extensions\redhat.java-1.53.0-win32-x64\lombok\lombok-1.18.39-4050.jar path:c:\Users\tahuy\.vscode\extensions\redhat.java-1.53.0-win32-x64\jre\21.0.10-win32-x86_64\bin\instrument.dll, loaded, initialized, instrumentlib options:none

dbghelp: loaded successfully - version: 4.0.5 - missing functions: none
symbol engine: initialized successfully - sym options: 0x614 - pdb path: .;c:\Users\tahuy\.vscode\extensions\redhat.java-1.53.0-win32-x64\jre\21.0.10-win32-x86_64\bin;C:\WINDOWS\SYSTEM32;C:\WINDOWS\WinSxS\amd64_microsoft.windows.common-controls_6595b64144ccf1df_6.0.26100.7922_none_3e089e1ee3342171;c:\Users\tahuy\.vscode\extensions\redhat.java-1.53.0-win32-x64\jre\21.0.10-win32-x86_64\bin\server;C:\Users\tahuy\AppData\Roaming\Code\User\globalStorage\redhat.java\1.53.0\config_win\org.eclipse.equinox.launcher\org.eclipse.equinox.launcher.win32.win32.x86_64_1.3.0.v20260203-2149;C:\Users\tahuy\AppData\Local\Temp\jna-110121855

VM Arguments:
jvm_args: --add-modules=ALL-SYSTEM --add-opens=java.base/java.util=ALL-UNNAMED --add-opens=java.base/java.lang=ALL-UNNAMED --add-opens=java.base/sun.nio.fs=ALL-UNNAMED -Declipse.application=org.eclipse.jdt.ls.core.id1 -Dosgi.bundles.defaultStartLevel=4 -Declipse.product=org.eclipse.jdt.ls.core.product -Djava.import.generatesMetadataFilesAtProjectRoot=false -DDetectVMInstallationsJob.disabled=true -Dfile.encoding=utf8 -XX:+UseParallelGC -XX:GCTimeRatio=4 -XX:AdaptiveSizePolicyWeight=90 -Dsun.zip.disableMemoryMapping=true -Xmx2G -Xms100m -Xlog:disable -javaagent:c:\Users\tahuy\.vscode\extensions\redhat.java-1.53.0-win32-x64\lombok\lombok-1.18.39-4050.jar -XX:+HeapDumpOnOutOfMemoryError -XX:HeapDumpPath=c:\Users\tahuy\AppData\Roaming\Code\User\workspaceStorage\e3bf0e8b012c2b424b4bcdb25e365c00\redhat.java -Daether.dependencyCollector.impl=bf 
java_command: c:\Users\tahuy\.vscode\extensions\redhat.java-1.53.0-win32-x64\server\plugins\org.eclipse.equinox.launcher_1.7.100.v20251111-0406.jar -configuration c:\Users\tahuy\AppData\Roaming\Code\User\globalStorage\redhat.java\1.53.0\config_win -data c:\Users\tahuy\AppData\Roaming\Code\User\workspaceStorage\e3bf0e8b012c2b424b4bcdb25e365c00\redhat.java\jdt_ws --pipe=\\.\pipe\lsp-e3359f3e1f24f9cd7fa42079fe4db259-sock
java_class_path (initial): c:\Users\tahuy\.vscode\extensions\redhat.java-1.53.0-win32-x64\server\plugins\org.eclipse.equinox.launcher_1.7.100.v20251111-0406.jar
Launcher Type: SUN_STANDARD

[Global flags]
    uintx AdaptiveSizePolicyWeight                 = 90                                        {product} {command line}
     intx CICompilerCount                          = 12                                        {product} {ergonomic}
    uintx GCTimeRatio                              = 4                                         {product} {command line}
     bool HeapDumpOnOutOfMemoryError               = true                                   {manageable} {command line}
    ccstr HeapDumpPath                             = c:\Users\tahuy\AppData\Roaming\Code\User\workspaceStorage\e3bf0e8b012c2b424b4bcdb25e365c00\redhat.java         {manageable} {command line}
   size_t InitialHeapSize                          = 104857600                                 {product} {command line}
   size_t MaxHeapSize                              = 2147483648                                {product} {command line}
   size_t MaxNewSize                               = 715653120                                 {product} {ergonomic}
   size_t MinHeapDeltaBytes                        = 524288                                    {product} {ergonomic}
   size_t MinHeapSize                              = 104857600                                 {product} {command line}
   size_t NewSize                                  = 34603008                                  {product} {ergonomic}
    uintx NonNMethodCodeHeapSize                   = 7602480                                {pd product} {ergonomic}
    uintx NonProfiledCodeHeapSize                  = 122027880                              {pd product} {ergonomic}
   size_t OldSize                                  = 70254592                                  {product} {ergonomic}
    uintx ProfiledCodeHeapSize                     = 122027880                              {pd product} {ergonomic}
    uintx ReservedCodeCacheSize                    = 251658240                              {pd product} {ergonomic}
     bool SegmentedCodeCache                       = true                                      {product} {ergonomic}
   size_t SoftMaxHeapSize                          = 2147483648                             {manageable} {ergonomic}
     bool UseCompressedOops                        = true                           {product lp64_product} {ergonomic}
     bool UseLargePagesIndividualAllocation        = false                                  {pd product} {ergonomic}
     bool UseParallelGC                            = true                                      {product} {command line}

Logging:
Log output configuration:
 #0: stdout all=off uptime,level,tags foldmultilines=false
 #1: stderr all=off uptime,level,tags foldmultilines=false

Release file:
JAVA_VERSION="21.0.10" 
MODULES="java.base java.compiler java.datatransfer java.xml java.prefs java.desktop java.instrument java.logging java.management java.security.sasl java.naming java.rmi java.management.rmi java.net.http java.scripting java.security.jgss java.transaction.xa java.sql java.sql.rowset java.xml.crypto java.se java.smartcardio jdk.accessibility jdk.internal.jvmstat jdk.attach jdk.charsets jdk.internal.opt jdk.zipfs jdk.compiler jdk.crypto.ec jdk.crypto.cryptoki jdk.crypto.mscapi jdk.dynalink jdk.internal.ed jdk.editpad jdk.hotspot.agent jdk.httpserver jdk.internal.le jdk.internal.vm.ci jdk.internal.vm.compiler jdk.internal.vm.compiler.management jdk.jartool jdk.javadoc jdk.jcmd jdk.management jdk.management.agent jdk.jconsole jdk.jdeps jdk.jdwp.agent jdk.jdi jdk.jfr jdk.jshell jdk.jsobject jdk.jstatd jdk.localedata jdk.management.jfr jdk.naming.dns jdk.naming.rmi jdk.net jdk.nio.mapmode jdk.random jdk.sctp jdk.security.auth jdk.security.jgss jdk.unsupported jdk.unsupported.desktop jdk.xml.dom" 

Environment Variables:
PATH=C:\Users\tahuy\AppData\Local\Programs\Microsoft VS Code;C:\Python314\Scripts\;C:\Python314\;C:\Program Files\Eclipse Adoptium\jdk-25.0.0.36-hotspot\bin;C:\Program Files (x86)\VMware\VMware Workstation\bin\;C:\Program Files (x86)\Common Files\Oracle\Java\javapath;C:\WINDOWS\system32;C:\WINDOWS;C:\WINDOWS\System32\Wbem;C:\WINDOWS\System32\WindowsPowerShell\v1.0\;C:\WINDOWS\System32\OpenSSH\;C:\Program Files (x86)\Microsoft SQL Server\160\Tools\Binn\;C:\Program Files\Microsoft SQL Server\160\Tools\Binn\;C:\Program Files\Microsoft SQL Server\Client SDK\ODBC\170\Tools\Binn\;C:\Program Files\Microsoft SQL Server\160\DTS\Binn\;C:\Program Files (x86)\Microsoft SQL Server\160\DTS\Binn\;C:\Program Files\Microsoft SQL Server\150\Tools\Binn\;C:\Program Files\dotnet\;C:\apache-maven-3.9.11\bin;D:\Kě 3\drive-download-20241125T170411Z-001\Git\cmd;C:\Program Files\nodejs\;C:\ProgramData\chocolatey\bin;C:\Program Files\Cloudflare\Cloudflare WARP\;C:\Users\tahuy\AppData\Local\Microsoft\WindowsApps;C:\Users\tahuy\AppData\Local\Programs\Microsoft VS Code\bin;C:\Users\tahuy\.dotnet\tools;C:\Program Files\JetBrains\IntelliJ IDEA 2025.2.3\bin;C:\Users\tahuy\AppData\Local\GitHubDesktop\bin;C:\ProgramData\tahuy\GitHubDesktop\bin;C:\Users\tahuy\AppData\Roaming\npm
USERNAME=tahuy
OS=Windows_NT
PROCESSOR_IDENTIFIER=Intel64 Family 6 Model 186 Stepping 2, GenuineIntel
TMP=C:\Users\tahuy\AppData\Local\Temp
TEMP=C:\Users\tahuy\AppData\Local\Temp




Periodic native trim disabled

---------------  S Y S T E M  ---------------

OS:
 Windows 11 , 64 bit Build 26100 (10.0.26100.7920)
OS uptime: 6 days 9:29 hours
Hyper-V role detected

CPU: total 20 (initial active 20) (10 cores per cpu, 2 threads per core) family 6 model 186 stepping 2 microcode 0x410e, cx8, cmov, fxsr, ht, mmx, 3dnowpref, sse, sse2, sse3, ssse3, sse4.1, sse4.2, popcnt, lzcnt, tsc, tscinvbit, avx, avx2, aes, erms, clmul, bmi1, bmi2, adx, sha, fma, vzeroupper, clflush, clflushopt, clwb, hv, serialize, rdtscp, rdpid, fsrm, f16c, cet_ibt, cet_ss
Processor Information for processor 0
  Max Mhz: 2400, Current Mhz: 2400, Mhz Limit: 2400
Processor Information for processor 1
  Max Mhz: 2400, Current Mhz: 2400, Mhz Limit: 2400
Processor Information for processor 2
  Max Mhz: 2400, Current Mhz: 2400, Mhz Limit: 2400
Processor Information for processor 3
  Max Mhz: 2400, Current Mhz: 2400, Mhz Limit: 2400
Processor Information for processor 4
  Max Mhz: 2400, Current Mhz: 2400, Mhz Limit: 2400
Processor Information for processor 5
  Max Mhz: 2400, Current Mhz: 2400, Mhz Limit: 2400
Processor Information for processor 6
  Max Mhz: 2400, Current Mhz: 2400, Mhz Limit: 2400
Processor Information for processor 7
  Max Mhz: 2400, Current Mhz: 2400, Mhz Limit: 2400
Processor Information for processor 8
  Max Mhz: 2400, Current Mhz: 2400, Mhz Limit: 2400
Processor Information for processor 9
  Max Mhz: 2400, Current Mhz: 2400, Mhz Limit: 2400
Processor Information for processor 10
  Max Mhz: 2400, Current Mhz: 2400, Mhz Limit: 2400
Processor Information for processor 11
  Max Mhz: 2400, Current Mhz: 2400, Mhz Limit: 2400
Processor Information for processor 12
  Max Mhz: 2400, Current Mhz: 1466, Mhz Limit: 2400
Processor Information for processor 13
  Max Mhz: 2400, Current Mhz: 1466, Mhz Limit: 2400
Processor Information for processor 14
  Max Mhz: 2400, Current Mhz: 2400, Mhz Limit: 2400
Processor Information for processor 15
  Max Mhz: 2400, Current Mhz: 2400, Mhz Limit: 2400
Processor Information for processor 16
  Max Mhz: 2400, Current Mhz: 1466, Mhz Limit: 2400
Processor Information for processor 17
  Max Mhz: 2400, Current Mhz: 1466, Mhz Limit: 2400
Processor Information for processor 18
  Max Mhz: 2400, Current Mhz: 1466, Mhz Limit: 2400
Processor Information for processor 19
  Max Mhz: 2400, Current Mhz: 1466, Mhz Limit: 2400

Memory: 4k page, system-wide physical 16003M (1121M free)
TotalPageFile size 20927M (AvailPageFile size 2M)
current process WorkingSet (physical memory assigned to process): 980M, peak: 981M
current process commit charge ("private bytes"): 1010M, peak: 1738M

vm_info: OpenJDK 64-Bit Server VM (21.0.10+7-LTS) for windows-amd64 JRE (21.0.10+7-LTS), built on 2026-01-20T00:00:00Z by "admin" with MS VC++ 17.12 (VS2022)

END.
