#
# There is insufficient memory for the Java Runtime Environment to continue.
# Native memory allocation (malloc) failed to allocate 47056 bytes. Error detail: Chunk::new
# Possible reasons:
#   The system is out of physical RAM or swap space
#   This process is running with CompressedOops enabled, and the Java Heap may be blocking the growth of the native heap
# Possible solutions:
#   Reduce memory load on the system
#   Increase physical memory or swap space
#   Check if swap backing store is full
#   Decrease Java heap size (-Xmx/-Xms)
#   Decrease number of Java threads
#   Decrease Java thread stack sizes (-Xss)
#   Set larger code cache with -XX:ReservedCodeCacheSize=
#   JVM is running with Unscaled Compressed Oops mode in which the Java heap is
#     placed in the first 4GB address space. The Java Heap base address is the
#     maximum limit for the native heap growth. Please use -XX:HeapBaseMinAddress
#     to set the Java Heap base and to place the Java Heap above 4GB virtual address.
# This output file may be truncated or incomplete.
#
#  Out of Memory Error (arena.cpp:168), pid=10988, tid=18884
#
# JRE version: OpenJDK Runtime Environment Temurin-21.0.10+7 (21.0.10+7) (build 21.0.10+7-LTS)
# Java VM: OpenJDK 64-Bit Server VM Temurin-21.0.10+7 (21.0.10+7-LTS, mixed mode, sharing, tiered, compressed oops, compressed class ptrs, parallel gc, windows-amd64)
# No core dump will be written. Minidumps are not enabled by default on client versions of Windows
#

---------------  S U M M A R Y ------------

Command Line: --add-modules=ALL-SYSTEM --add-opens=java.base/java.util=ALL-UNNAMED --add-opens=java.base/java.lang=ALL-UNNAMED --add-opens=java.base/sun.nio.fs=ALL-UNNAMED -Declipse.application=org.eclipse.jdt.ls.core.id1 -Dosgi.bundles.defaultStartLevel=4 -Declipse.product=org.eclipse.jdt.ls.core.product -Djava.import.generatesMetadataFilesAtProjectRoot=false -DDetectVMInstallationsJob.disabled=true -Dfile.encoding=utf8 -XX:+UseParallelGC -XX:GCTimeRatio=4 -XX:AdaptiveSizePolicyWeight=90 -Dsun.zip.disableMemoryMapping=true -Xmx2G -Xms100m -Xlog:disable -javaagent:c:\Users\tahuy\.vscode\extensions\redhat.java-1.53.0-win32-x64\lombok\lombok-1.18.39-4050.jar -XX:+HeapDumpOnOutOfMemoryError -XX:HeapDumpPath=c:\Users\tahuy\AppData\Roaming\Code\User\workspaceStorage\be6edd90d0dac6e765153224380096b7\redhat.java -Daether.dependencyCollector.impl=bf c:\Users\tahuy\.vscode\extensions\redhat.java-1.53.0-win32-x64\server\plugins\org.eclipse.equinox.launcher_1.7.100.v20251111-0406.jar -configuration c:\Users\tahuy\AppData\Roaming\Code\User\globalStorage\redhat.java\1.53.0\config_win -data c:\Users\tahuy\AppData\Roaming\Code\User\workspaceStorage\be6edd90d0dac6e765153224380096b7\redhat.java\jdt_ws --pipe=\\.\pipe\lsp-b4e9cf7564e82e9f05ef913addb29fbb-sock

Host: 13th Gen Intel(R) Core(TM) i7-13700H, 20 cores, 15G,  Windows 11 , 64 bit Build 26100 (10.0.26100.7920)
Time: Wed Mar  4 22:20:26 2026 SE Asia Standard Time elapsed time: 11.034657 seconds (0d 0h 0m 11s)

---------------  T H R E A D  ---------------

Current thread (0x0000023963d1fde0):  JavaThread "C2 CompilerThread3" daemon [_thread_in_native, id=18884, stack(0x0000006914f00000,0x0000006915000000) (1024K)]


Current CompileTask:
C2:11034 6882       4       com.google.inject.internal.MoreTypes::canonicalize (143 bytes)

Stack: [0x0000006914f00000,0x0000006915000000]
Native frames: (J=compiled Java code, j=interpreted, Vv=VM code, C=native code)
V  [jvm.dll+0x6d7a39]
V  [jvm.dll+0x8b4b26]
V  [jvm.dll+0x8b70de]
V  [jvm.dll+0x8b77c3]
V  [jvm.dll+0x284346]
V  [jvm.dll+0xc66ed]
V  [jvm.dll+0xc6c31]
V  [jvm.dll+0x14214f]
V  [jvm.dll+0x666573]
V  [jvm.dll+0x664a7b]
V  [jvm.dll+0x24c3db]
V  [jvm.dll+0x24bb40]
V  [jvm.dll+0x1cb34e]
V  [jvm.dll+0x25b85d]
V  [jvm.dll+0x259dea]
V  [jvm.dll+0x3f857e]
V  [jvm.dll+0x85f59d]
V  [jvm.dll+0x6d626d]
C  [ucrtbase.dll+0x37b0]
C  [KERNEL32.DLL+0x2e8d7]
C  [ntdll.dll+0x8c48c]


---------------  P R O C E S S  ---------------

Threads class SMR info:
_java_thread_list=0x0000023965b46fe0, length=56, elements={
0x00000239436eef80, 0x0000023943795fb0, 0x0000023943798460, 0x000002394379d930,
0x000002394379d2a0, 0x000002394379bef0, 0x000002394379cc10, 0x000002395b58b870,
0x000002395b58f6e0, 0x000002395b63f550, 0x000002395b64b260, 0x000002395b67ded0,
0x000002394379b860, 0x000002394379a4b0, 0x000002394379ab40, 0x000002394379b1d0,
0x000002394379c580, 0x00000239625cc730, 0x00000239625ccdc0, 0x00000239625c9940,
0x00000239625c9fd0, 0x00000239625cacf0, 0x00000239625ca660, 0x00000239625cd450,
0x0000023962aa8780, 0x00000239625cba10, 0x00000239625cc0a0, 0x00000239625cb380,
0x00000239625cf520, 0x00000239625ce800, 0x00000239625cfbb0, 0x00000239625d0f60,
0x00000239625cee90, 0x00000239625d08d0, 0x00000239625d0240, 0x00000239625ce170,
0x00000239625cdae0, 0x000002396547c7e0, 0x000002396547c150, 0x000002396547b430,
0x000002396547ada0, 0x000002396547a710, 0x000002396547e8b0, 0x000002396547ef40,
0x000002396547bac0, 0x000002396547f5d0, 0x000002396547fc60, 0x00000239654802f0,
0x000002396547ce70, 0x000002396547d500, 0x000002396547e220, 0x0000023965480980,
0x000002396547db90, 0x00000239649dc240, 0x0000023963d1fde0, 0x000002396443c820
}

Java Threads: ( => current thread )
  0x00000239436eef80 JavaThread "main"                              [_thread_blocked, id=22736, stack(0x0000006912500000,0x0000006912600000) (1024K)]
  0x0000023943795fb0 JavaThread "Reference Handler"          daemon [_thread_blocked, id=4396, stack(0x0000006912900000,0x0000006912a00000) (1024K)]
  0x0000023943798460 JavaThread "Finalizer"                  daemon [_thread_blocked, id=11084, stack(0x0000006912a00000,0x0000006912b00000) (1024K)]
  0x000002394379d930 JavaThread "Signal Dispatcher"          daemon [_thread_blocked, id=23920, stack(0x0000006912b00000,0x0000006912c00000) (1024K)]
  0x000002394379d2a0 JavaThread "Attach Listener"            daemon [_thread_blocked, id=25748, stack(0x0000006912c00000,0x0000006912d00000) (1024K)]
  0x000002394379bef0 JavaThread "Service Thread"             daemon [_thread_blocked, id=13248, stack(0x0000006912d00000,0x0000006912e00000) (1024K)]
  0x000002394379cc10 JavaThread "Monitor Deflation Thread"   daemon [_thread_blocked, id=12972, stack(0x0000006912e00000,0x0000006912f00000) (1024K)]
  0x000002395b58b870 JavaThread "C2 CompilerThread0"         daemon [_thread_in_native, id=14024, stack(0x0000006912f00000,0x0000006913000000) (1024K)]
  0x000002395b58f6e0 JavaThread "C1 CompilerThread0"         daemon [_thread_blocked, id=22036, stack(0x0000006913000000,0x0000006913100000) (1024K)]
  0x000002395b63f550 JavaThread "C1 CompilerThread1"         daemon [_thread_blocked, id=9544, stack(0x0000006913100000,0x0000006913200000) (1024K)]
  0x000002395b64b260 JavaThread "C1 CompilerThread2"         daemon [_thread_blocked, id=23140, stack(0x0000006913200000,0x0000006913300000) (1024K)]
  0x000002395b67ded0 JavaThread "C1 CompilerThread3"         daemon [_thread_blocked, id=23480, stack(0x0000006913300000,0x0000006913400000) (1024K)]
  0x000002394379b860 JavaThread "Common-Cleaner"             daemon [_thread_blocked, id=23792, stack(0x0000006913700000,0x0000006913800000) (1024K)]
  0x000002394379a4b0 JavaThread "Notification Thread"        daemon [_thread_blocked, id=25616, stack(0x0000006913800000,0x0000006913900000) (1024K)]
  0x000002394379ab40 JavaThread "Active Thread: Equinox Container: 220a2578-b6d3-4835-a069-e97d86349553"        [_thread_blocked, id=3268, stack(0x0000006914000000,0x0000006914100000) (1024K)]
  0x000002394379b1d0 JavaThread "Refresh Thread: Equinox Container: 220a2578-b6d3-4835-a069-e97d86349553" daemon [_thread_blocked, id=13748, stack(0x0000006914200000,0x0000006914300000) (1024K)]
  0x000002394379c580 JavaThread "Framework Event Dispatcher: Equinox Container: 220a2578-b6d3-4835-a069-e97d86349553" daemon [_thread_blocked, id=13440, stack(0x0000006914300000,0x0000006914400000) (1024K)]
  0x00000239625cc730 JavaThread "Start Level: Equinox Container: 220a2578-b6d3-4835-a069-e97d86349553" daemon [_thread_blocked, id=16492, stack(0x0000006914400000,0x0000006914500000) (1024K)]
  0x00000239625ccdc0 JavaThread "Bundle File Closer"         daemon [_thread_blocked, id=12528, stack(0x0000006914700000,0x0000006914800000) (1024K)]
  0x00000239625c9940 JavaThread "SCR Component Actor"        daemon [_thread_blocked, id=20760, stack(0x0000006914800000,0x0000006914900000) (1024K)]
  0x00000239625c9fd0 JavaThread "Worker-JM"                         [_thread_blocked, id=23644, stack(0x0000006914900000,0x0000006914a00000) (1024K)]
  0x00000239625cacf0 JavaThread "JNA Cleaner"                daemon [_thread_blocked, id=20244, stack(0x0000006913400000,0x0000006913500000) (1024K)]
  0x00000239625ca660 JavaThread "Worker-0"                          [_thread_blocked, id=24764, stack(0x0000006913500000,0x0000006913600000) (1024K)]
  0x00000239625cd450 JavaThread "Worker-1: Repository registry initialization"        [_thread_in_vm, id=18424, stack(0x0000006913600000,0x0000006913700000) (1024K)]
  0x0000023962aa8780 JavaThread "C2 CompilerThread1"         daemon [_thread_in_native, id=4240, stack(0x0000006914d00000,0x0000006914e00000) (1024K)]
  0x00000239625cba10 JavaThread "Java indexing"              daemon [_thread_blocked, id=22632, stack(0x0000006915300000,0x0000006915400000) (1024K)]
  0x00000239625cc0a0 JavaThread "Worker-2"                          [_thread_blocked, id=2700, stack(0x0000006915600000,0x0000006915700000) (1024K)]
  0x00000239625cb380 JavaThread "Worker-3"                          [_thread_blocked, id=9656, stack(0x0000006915700000,0x0000006915800000) (1024K)]
  0x00000239625cf520 JavaThread "Worker-4"                          [_thread_in_vm, id=4184, stack(0x0000006915800000,0x0000006915900000) (1024K)]
  0x00000239625ce800 JavaThread "Thread-1"                   daemon [_thread_in_native, id=20424, stack(0x0000006915900000,0x0000006915a00000) (1024K)]
  0x00000239625cfbb0 JavaThread "Thread-2"                   daemon [_thread_in_native, id=6632, stack(0x0000006915a00000,0x0000006915b00000) (1024K)]
  0x00000239625d0f60 JavaThread "Thread-3"                   daemon [_thread_in_native, id=6404, stack(0x0000006915b00000,0x0000006915c00000) (1024K)]
  0x00000239625cee90 JavaThread "Thread-4"                   daemon [_thread_in_native, id=15272, stack(0x0000006915c00000,0x0000006915d00000) (1024K)]
  0x00000239625d08d0 JavaThread "Thread-5"                   daemon [_thread_in_native, id=21180, stack(0x0000006915d00000,0x0000006915e00000) (1024K)]
  0x00000239625d0240 JavaThread "Thread-6"                   daemon [_thread_in_native, id=8360, stack(0x0000006915e00000,0x0000006915f00000) (1024K)]
  0x00000239625ce170 JavaThread "Thread-7"                   daemon [_thread_in_native, id=18384, stack(0x0000006915f00000,0x0000006916000000) (1024K)]
  0x00000239625cdae0 JavaThread "Thread-8"                   daemon [_thread_in_native, id=8524, stack(0x0000006916000000,0x0000006916100000) (1024K)]
  0x000002396547c7e0 JavaThread "Thread-9"                   daemon [_thread_in_native, id=20568, stack(0x0000006916100000,0x0000006916200000) (1024K)]
  0x000002396547c150 JavaThread "Thread-10"                  daemon [_thread_in_native, id=24148, stack(0x0000006916200000,0x0000006916300000) (1024K)]
  0x000002396547b430 JavaThread "Thread-11"                  daemon [_thread_in_native, id=26608, stack(0x0000006916300000,0x0000006916400000) (1024K)]
  0x000002396547ada0 JavaThread "Thread-12"                  daemon [_thread_in_native, id=8604, stack(0x0000006916400000,0x0000006916500000) (1024K)]
  0x000002396547a710 JavaThread "Thread-13"                  daemon [_thread_in_native, id=10428, stack(0x0000006916500000,0x0000006916600000) (1024K)]
  0x000002396547e8b0 JavaThread "Thread-14"                  daemon [_thread_in_native, id=25416, stack(0x0000006916600000,0x0000006916700000) (1024K)]
  0x000002396547ef40 JavaThread "Thread-15"                  daemon [_thread_in_native, id=5328, stack(0x0000006916700000,0x0000006916800000) (1024K)]
  0x000002396547bac0 JavaThread "Thread-16"                  daemon [_thread_in_native, id=13052, stack(0x0000006916800000,0x0000006916900000) (1024K)]
  0x000002396547f5d0 JavaThread "Thread-17"                  daemon [_thread_in_native, id=22172, stack(0x0000006916900000,0x0000006916a00000) (1024K)]
  0x000002396547fc60 JavaThread "Thread-18"                  daemon [_thread_in_native, id=2884, stack(0x0000006916a00000,0x0000006916b00000) (1024K)]
  0x00000239654802f0 JavaThread "Thread-19"                  daemon [_thread_in_native, id=19140, stack(0x0000006916b00000,0x0000006916c00000) (1024K)]
  0x000002396547ce70 JavaThread "Thread-20"                  daemon [_thread_in_native, id=7728, stack(0x0000006916c00000,0x0000006916d00000) (1024K)]
  0x000002396547d500 JavaThread "Thread-21"                  daemon [_thread_in_native, id=24920, stack(0x0000006916d00000,0x0000006916e00000) (1024K)]
  0x000002396547e220 JavaThread "pool-2-thread-1"                   [_thread_blocked, id=13772, stack(0x0000006916e00000,0x0000006916f00000) (1024K)]
  0x0000023965480980 JavaThread "WorkspaceEventsHandler"            [_thread_blocked, id=3552, stack(0x0000006917100000,0x0000006917200000) (1024K)]
  0x000002396547db90 JavaThread "pool-1-thread-1"                   [_thread_in_vm, id=24132, stack(0x0000006917200000,0x0000006917300000) (1024K)]
  0x00000239649dc240 JavaThread "C2 CompilerThread2"         daemon [_thread_in_native, id=1652, stack(0x0000006914e00000,0x0000006914f00000) (1024K)]
=>0x0000023963d1fde0 JavaThread "C2 CompilerThread3"         daemon [_thread_in_native, id=18884, stack(0x0000006914f00000,0x0000006915000000) (1024K)]
  0x000002396443c820 JavaThread "C2 CompilerThread4"         daemon [_thread_in_native, id=1936, stack(0x0000006915000000,0x0000006915100000) (1024K)]
Total: 56

Other Threads:
  0x0000023943791800 VMThread "VM Thread"                           [id=20176, stack(0x0000006912800000,0x0000006912900000) (1024K)]
  0x0000023941394b80 WatcherThread "VM Periodic Task Thread"        [id=12420, stack(0x0000006912700000,0x0000006912800000) (1024K)]
  0x000002394370e610 WorkerThread "GC Thread#0"                     [id=10720, stack(0x0000006912600000,0x0000006912700000) (1024K)]
  0x000002396223a4f0 WorkerThread "GC Thread#1"                     [id=10324, stack(0x0000006913900000,0x0000006913a00000) (1024K)]
  0x000002396223a8a0 WorkerThread "GC Thread#2"                     [id=11736, stack(0x0000006913a00000,0x0000006913b00000) (1024K)]
  0x000002395d9b4270 WorkerThread "GC Thread#3"                     [id=14964, stack(0x0000006913b00000,0x0000006913c00000) (1024K)]
  0x000002395dc5d6e0 WorkerThread "GC Thread#4"                     [id=12852, stack(0x0000006913c00000,0x0000006913d00000) (1024K)]
  0x000002395dc5da90 WorkerThread "GC Thread#5"                     [id=10684, stack(0x0000006913d00000,0x0000006913e00000) (1024K)]
  0x000002395dc5de40 WorkerThread "GC Thread#6"                     [id=3648, stack(0x0000006913e00000,0x0000006913f00000) (1024K)]
  0x000002396222bc50 WorkerThread "GC Thread#7"                     [id=21408, stack(0x0000006914100000,0x0000006914200000) (1024K)]
  0x0000023962675c90 WorkerThread "GC Thread#8"                     [id=8960, stack(0x0000006913f00000,0x0000006914000000) (1024K)]
  0x0000023962478010 WorkerThread "GC Thread#9"                     [id=8616, stack(0x0000006914500000,0x0000006914600000) (1024K)]
  0x0000023962202480 WorkerThread "GC Thread#10"                    [id=9196, stack(0x0000006914600000,0x0000006914700000) (1024K)]
  0x0000023962d901e0 WorkerThread "GC Thread#11"                    [id=24596, stack(0x0000006914a00000,0x0000006914b00000) (1024K)]
  0x0000023962d90590 WorkerThread "GC Thread#12"                    [id=26472, stack(0x0000006914b00000,0x0000006914c00000) (1024K)]
  0x0000023962d90940 WorkerThread "GC Thread#13"                    [id=6556, stack(0x0000006914c00000,0x0000006914d00000) (1024K)]
  0x0000023962d90cf0 WorkerThread "GC Thread#14"                    [id=11832, stack(0x0000006915200000,0x0000006915300000) (1024K)]
Total: 17

Threads with active compile tasks:
C2 CompilerThread0  11074 6674       4       java.lang.invoke.MethodType::makeImpl (109 bytes)
C2 CompilerThread1  11074 6797   !   4       org.eclipse.osgi.internal.weaving.WovenClassImpl::callHooks (410 bytes)
C2 CompilerThread2  11075 6825       4       org.eclipse.core.internal.registry.BufferedRandomInputStream::read (92 bytes)
C2 CompilerThread3  11075 6882       4       com.google.inject.internal.MoreTypes::canonicalize (143 bytes)
C2 CompilerThread4  11075 6827       4       java.lang.invoke.DirectMethodHandle::<init> (148 bytes)
Total: 5

VM state: not at safepoint (normal execution)

VM Mutex/Monitor currently owned by a thread: None

Heap address: 0x0000000080000000, size: 2048 MB, Compressed Oops mode: 32-bit

CDS archive(s) mapped at: [0x0000023900000000-0x0000023900ba0000-0x0000023900ba0000), size 12189696, SharedBaseAddress: 0x0000023900000000, ArchiveRelocationMode: 1.
Compressed class space mapped at: 0x0000023901000000-0x0000023941000000, reserved size: 1073741824
Narrow klass base: 0x0000023900000000, Narrow klass shift: 0, Narrow klass range: 0x100000000

GC Precious Log:
 CardTable entry size: 512
 CPUs: 20 total, 20 available
 Memory: 16003M
 Large Page Support: Disabled
 NUMA Support: Disabled
 Compressed Oops: Enabled (32-bit)
 Alignments: Space 512K, Generation 512K, Heap 2M
 Heap Min Capacity: 100M
 Heap Initial Capacity: 100M
 Heap Max Capacity: 2G
 Pre-touch: Disabled
 Parallel Workers: 15

Heap:
 PSYoungGen      total 22528K, used 3516K [0x00000000d5580000, 0x00000000d6d00000, 0x0000000100000000)
  eden space 20992K, 9% used [0x00000000d5580000,0x00000000d5787278,0x00000000d6a00000)
  from space 1536K, 93% used [0x00000000d6a80000,0x00000000d6be8000,0x00000000d6c00000)
  to   space 1024K, 0% used [0x00000000d6c00000,0x00000000d6c00000,0x00000000d6d00000)
 ParOldGen       total 68608K, used 38409K [0x0000000080000000, 0x0000000084300000, 0x00000000d5580000)
  object space 68608K, 55% used [0x0000000080000000,0x0000000082582570,0x0000000084300000)
 Metaspace       used 46513K, committed 47872K, reserved 1114112K
  class space    used 5022K, committed 5632K, reserved 1048576K

Card table byte_map: [0x0000023943090000,0x00000239434a0000] _byte_map_base: 0x0000023942c90000

Marking Bits: (ParMarkBitMap*) 0x00007ffe4c933450
 Begin Bits: [0x0000023955ba0000, 0x0000023957ba0000)
 End Bits:   [0x0000023957ba0000, 0x0000023959ba0000)

Polling page: 0x0000023941300000

Metaspace:

Usage:
  Non-class:     40.52 MB used.
      Class:      4.91 MB used.
       Both:     45.42 MB used.

Virtual space:
  Non-class space:       64.00 MB reserved,      41.25 MB ( 64%) committed,  1 nodes.
      Class space:        1.00 GB reserved,       5.50 MB ( <1%) committed,  1 nodes.
             Both:        1.06 GB reserved,      46.75 MB (  4%) committed. 

Chunk freelists:
   Non-Class:  6.41 MB
       Class:  10.55 MB
        Both:  16.95 MB

MaxMetaspaceSize: unlimited
CompressedClassSpaceSize: 1.00 GB
Initial GC threshold: 21.00 MB
Current GC threshold: 58.38 MB
CDS: on
 - commit_granule_bytes: 65536.
 - commit_granule_words: 8192.
 - virtual_space_node_default_size: 8388608.
 - enlarge_chunks_in_place: 1.
 - use_allocation_guard: 0.


Internal statistics:

num_allocs_failed_limit: 6.
num_arena_births: 970.
num_arena_deaths: 14.
num_vsnodes_births: 2.
num_vsnodes_deaths: 0.
num_space_committed: 748.
num_space_uncommitted: 0.
num_chunks_returned_to_freelist: 20.
num_chunks_taken_from_freelist: 3109.
num_chunk_merges: 12.
num_chunk_splits: 1904.
num_chunks_enlarged: 1038.
num_inconsistent_stats: 0.

CodeHeap 'non-profiled nmethods': size=119168Kb used=3413Kb max_used=3413Kb free=115754Kb
 bounds [0x000002394e490000, 0x000002394e7f0000, 0x00000239558f0000]
CodeHeap 'profiled nmethods': size=119104Kb used=13209Kb max_used=13209Kb free=105894Kb
 bounds [0x00000239468f0000, 0x00000239475e0000, 0x000002394dd40000]
CodeHeap 'non-nmethods': size=7488Kb used=3098Kb max_used=3181Kb free=4389Kb
 bounds [0x000002394dd40000, 0x000002394e060000, 0x000002394e490000]
CodeCache: size=245760Kb, used=19720Kb, max_used=19803Kb, free=226037Kb
 total_blobs=6980, nmethods=6301, adapters=578, full_count=0
Compilation: enabled, stopped_count=0, restarted_count=0

Compilation events (20 events):
Event: 11.019 Thread 0x0000023963d1fde0 6896       4       java.lang.ref.WeakReference::<init> (7 bytes)
Event: 11.020 Thread 0x0000023963d1fde0 nmethod 6896 0x000002394e7dd410 code [0x000002394e7dd5a0, 0x000002394e7dd668]
Event: 11.021 Thread 0x0000023963d1fde0 6882       4       com.google.inject.internal.MoreTypes::canonicalize (143 bytes)
Event: 11.021 Thread 0x000002396443c820 nmethod 6800 0x000002394e7dd710 code [0x000002394e7dd8a0, 0x000002394e7dd9b8]
Event: 11.021 Thread 0x000002396443c820 6889       4       com.google.inject.internal.MoreTypes::getRawType (141 bytes)
Event: 11.022 Thread 0x000002395b64b260 6903       3       org.eclipse.sisu.inject.Sources::getAnnotation (39 bytes)
Event: 11.022 Thread 0x000002395b58f6e0 6904       3       java.io.OutputStream::flush (1 bytes)
Event: 11.022 Thread 0x000002395b58f6e0 nmethod 6904 0x00000239475cdf10 code [0x00000239475ce0a0, 0x00000239475ce1a8]
Event: 11.022 Thread 0x000002395b63f550 6907       1       com.google.inject.Key$AnnotationInstanceStrategy::getAnnotation (5 bytes)
Event: 11.022 Thread 0x000002395b58f6e0 6908       3       java.util.Calendar::getBaseStyle (6 bytes)
Event: 11.022 Thread 0x000002395b63f550 nmethod 6907 0x000002394e7dda90 code [0x000002394e7ddc20, 0x000002394e7ddce8]
Event: 11.022 Thread 0x000002395b64b260 nmethod 6903 0x00000239475ce210 code [0x00000239475ce420, 0x00000239475cec48]
Event: 11.022 Thread 0x000002395b58f6e0 nmethod 6908 0x00000239475cee10 code [0x00000239475cefa0, 0x00000239475cf0b8]
Event: 11.024 Thread 0x000002396443c820 nmethod 6889 0x000002394e7ddd90 code [0x000002394e7ddf40, 0x000002394e7de078]
Event: 11.024 Thread 0x000002396443c820 6892       4       com.google.inject.TypeLiteral::<init> (43 bytes)
Event: 11.025 Thread 0x000002395b64b260 6909       3       java.text.DontCareFieldPosition$1::formatted (1 bytes)
Event: 11.025 Thread 0x000002395b64b260 nmethod 6909 0x00000239475cf190 code [0x00000239475cf320, 0x00000239475cf428]
Event: 11.029 Thread 0x000002395b58f6e0 6910       3       org.eclipse.core.runtime.Assert::isLegal (7 bytes)
Event: 11.030 Thread 0x000002395b58f6e0 nmethod 6910 0x00000239475cf510 code [0x00000239475cf6c0, 0x00000239475cf908]
Event: 11.031 Thread 0x000002395b58f6e0 6911       1       org.eclipse.sisu.space.WildcardKey$QualifiedImpl::get (5 bytes)

GC Heap History (20 events):
Event: 6.973 GC heap before
{Heap before GC invocations=16 (full 2):
 PSYoungGen      total 24064K, used 22016K [0x00000000d5580000, 0x00000000d7280000, 0x0000000100000000)
  eden space 22016K, 100% used [0x00000000d5580000,0x00000000d6b00000,0x00000000d6b00000)
  from space 2048K, 0% used [0x00000000d6f80000,0x00000000d6f80000,0x00000000d7180000)
  to   space 1024K, 0% used [0x00000000d7180000,0x00000000d7180000,0x00000000d7280000)
 ParOldGen       total 68608K, used 19860K [0x0000000080000000, 0x0000000084300000, 0x00000000d5580000)
  object space 68608K, 28% used [0x0000000080000000,0x00000000813652e8,0x0000000084300000)
 Metaspace       used 37130K, committed 38464K, reserved 1114112K
  class space    used 3851K, committed 4416K, reserved 1048576K
}
Event: 6.975 GC heap after
{Heap after GC invocations=16 (full 2):
 PSYoungGen      total 23040K, used 1000K [0x00000000d5580000, 0x00000000d7280000, 0x0000000100000000)
  eden space 22016K, 0% used [0x00000000d5580000,0x00000000d5580000,0x00000000d6b00000)
  from space 1024K, 97% used [0x00000000d7180000,0x00000000d727a388,0x00000000d7280000)
  to   space 2560K, 0% used [0x00000000d6d80000,0x00000000d6d80000,0x00000000d7000000)
 ParOldGen       total 68608K, used 20963K [0x0000000080000000, 0x0000000084300000, 0x00000000d5580000)
  object space 68608K, 30% used [0x0000000080000000,0x0000000081478f30,0x0000000084300000)
 Metaspace       used 37130K, committed 38464K, reserved 1114112K
  class space    used 3851K, committed 4416K, reserved 1048576K
}
Event: 7.379 GC heap before
{Heap before GC invocations=17 (full 2):
 PSYoungGen      total 23040K, used 23016K [0x00000000d5580000, 0x00000000d7280000, 0x0000000100000000)
  eden space 22016K, 100% used [0x00000000d5580000,0x00000000d6b00000,0x00000000d6b00000)
  from space 1024K, 97% used [0x00000000d7180000,0x00000000d727a388,0x00000000d7280000)
  to   space 2560K, 0% used [0x00000000d6d80000,0x00000000d6d80000,0x00000000d7000000)
 ParOldGen       total 68608K, used 20963K [0x0000000080000000, 0x0000000084300000, 0x00000000d5580000)
  object space 68608K, 30% used [0x0000000080000000,0x0000000081478f30,0x0000000084300000)
 Metaspace       used 38492K, committed 39744K, reserved 1114112K
  class space    used 4002K, committed 4544K, reserved 1048576K
}
Event: 7.383 GC heap after
{Heap after GC invocations=17 (full 2):
 PSYoungGen      total 24576K, used 2559K [0x00000000d5580000, 0x00000000d7500000, 0x0000000100000000)
  eden space 22016K, 0% used [0x00000000d5580000,0x00000000d5580000,0x00000000d6b00000)
  from space 2560K, 99% used [0x00000000d6d80000,0x00000000d6fffec8,0x00000000d7000000)
  to   space 5120K, 0% used [0x00000000d7000000,0x00000000d7000000,0x00000000d7500000)
 ParOldGen       total 68608K, used 22929K [0x0000000080000000, 0x0000000084300000, 0x00000000d5580000)
  object space 68608K, 33% used [0x0000000080000000,0x00000000816644e8,0x0000000084300000)
 Metaspace       used 38492K, committed 39744K, reserved 1114112K
  class space    used 4002K, committed 4544K, reserved 1048576K
}
Event: 7.503 GC heap before
{Heap before GC invocations=18 (full 2):
 PSYoungGen      total 24576K, used 24575K [0x00000000d5580000, 0x00000000d7500000, 0x0000000100000000)
  eden space 22016K, 100% used [0x00000000d5580000,0x00000000d6b00000,0x00000000d6b00000)
  from space 2560K, 99% used [0x00000000d6d80000,0x00000000d6fffec8,0x00000000d7000000)
  to   space 5120K, 0% used [0x00000000d7000000,0x00000000d7000000,0x00000000d7500000)
 ParOldGen       total 68608K, used 22929K [0x0000000080000000, 0x0000000084300000, 0x00000000d5580000)
  object space 68608K, 33% used [0x0000000080000000,0x00000000816644e8,0x0000000084300000)
 Metaspace       used 38589K, committed 39872K, reserved 1114112K
  class space    used 4008K, committed 4544K, reserved 1048576K
}
Event: 7.507 GC heap after
{Heap after GC invocations=18 (full 2):
 PSYoungGen      total 25088K, used 2956K [0x00000000d5580000, 0x00000000d7300000, 0x0000000100000000)
  eden space 22016K, 0% used [0x00000000d5580000,0x00000000d5580000,0x00000000d6b00000)
  from space 3072K, 96% used [0x00000000d7000000,0x00000000d72e3008,0x00000000d7300000)
  to   space 3584K, 0% used [0x00000000d6c00000,0x00000000d6c00000,0x00000000d6f80000)
 ParOldGen       total 68608K, used 27063K [0x0000000080000000, 0x0000000084300000, 0x00000000d5580000)
  object space 68608K, 39% used [0x0000000080000000,0x0000000081a6dc70,0x0000000084300000)
 Metaspace       used 38589K, committed 39872K, reserved 1114112K
  class space    used 4008K, committed 4544K, reserved 1048576K
}
Event: 7.676 GC heap before
{Heap before GC invocations=19 (full 2):
 PSYoungGen      total 25088K, used 24972K [0x00000000d5580000, 0x00000000d7300000, 0x0000000100000000)
  eden space 22016K, 100% used [0x00000000d5580000,0x00000000d6b00000,0x00000000d6b00000)
  from space 3072K, 96% used [0x00000000d7000000,0x00000000d72e3008,0x00000000d7300000)
  to   space 3584K, 0% used [0x00000000d6c00000,0x00000000d6c00000,0x00000000d6f80000)
 ParOldGen       total 68608K, used 27063K [0x0000000080000000, 0x0000000084300000, 0x00000000d5580000)
  object space 68608K, 39% used [0x0000000080000000,0x0000000081a6dc70,0x0000000084300000)
 Metaspace       used 38691K, committed 39936K, reserved 1114112K
  class space    used 4021K, committed 4544K, reserved 1048576K
}
Event: 7.679 GC heap after
{Heap after GC invocations=19 (full 2):
 PSYoungGen      total 25088K, used 2584K [0x00000000d5580000, 0x00000000d7100000, 0x0000000100000000)
  eden space 22016K, 0% used [0x00000000d5580000,0x00000000d5580000,0x00000000d6b00000)
  from space 3072K, 84% used [0x00000000d6c00000,0x00000000d6e86008,0x00000000d6f00000)
  to   space 2048K, 0% used [0x00000000d6f00000,0x00000000d6f00000,0x00000000d7100000)
 ParOldGen       total 68608K, used 29528K [0x0000000080000000, 0x0000000084300000, 0x00000000d5580000)
  object space 68608K, 43% used [0x0000000080000000,0x0000000081cd61f0,0x0000000084300000)
 Metaspace       used 38691K, committed 39936K, reserved 1114112K
  class space    used 4021K, committed 4544K, reserved 1048576K
}
Event: 7.847 GC heap before
{Heap before GC invocations=20 (full 2):
 PSYoungGen      total 25088K, used 24600K [0x00000000d5580000, 0x00000000d7100000, 0x0000000100000000)
  eden space 22016K, 100% used [0x00000000d5580000,0x00000000d6b00000,0x00000000d6b00000)
  from space 3072K, 84% used [0x00000000d6c00000,0x00000000d6e86008,0x00000000d6f00000)
  to   space 2048K, 0% used [0x00000000d6f00000,0x00000000d6f00000,0x00000000d7100000)
 ParOldGen       total 68608K, used 29528K [0x0000000080000000, 0x0000000084300000, 0x00000000d5580000)
  object space 68608K, 43% used [0x0000000080000000,0x0000000081cd61f0,0x0000000084300000)
 Metaspace       used 38792K, committed 40000K, reserved 1114112K
  class space    used 4030K, committed 4544K, reserved 1048576K
}
Event: 7.849 GC heap after
{Heap after GC invocations=20 (full 2):
 PSYoungGen      total 23040K, used 2048K [0x00000000d5580000, 0x00000000d7500000, 0x0000000100000000)
  eden space 20992K, 0% used [0x00000000d5580000,0x00000000d5580000,0x00000000d6a00000)
  from space 2048K, 100% used [0x00000000d6f00000,0x00000000d7100000,0x00000000d7100000)
  to   space 5120K, 0% used [0x00000000d6a00000,0x00000000d6a00000,0x00000000d6f00000)
 ParOldGen       total 68608K, used 31974K [0x0000000080000000, 0x0000000084300000, 0x00000000d5580000)
  object space 68608K, 46% used [0x0000000080000000,0x0000000081f39808,0x0000000084300000)
 Metaspace       used 38792K, committed 40000K, reserved 1114112K
  class space    used 4030K, committed 4544K, reserved 1048576K
}
Event: 8.050 GC heap before
{Heap before GC invocations=21 (full 2):
 PSYoungGen      total 23040K, used 23040K [0x00000000d5580000, 0x00000000d7500000, 0x0000000100000000)
  eden space 20992K, 100% used [0x00000000d5580000,0x00000000d6a00000,0x00000000d6a00000)
  from space 2048K, 100% used [0x00000000d6f00000,0x00000000d7100000,0x00000000d7100000)
  to   space 5120K, 0% used [0x00000000d6a00000,0x00000000d6a00000,0x00000000d6f00000)
 ParOldGen       total 68608K, used 31974K [0x0000000080000000, 0x0000000084300000, 0x00000000d5580000)
  object space 68608K, 46% used [0x0000000080000000,0x0000000081f39808,0x0000000084300000)
 Metaspace       used 38893K, committed 40128K, reserved 1114112K
  class space    used 4043K, committed 4608K, reserved 1048576K
}
Event: 8.053 GC heap after
{Heap after GC invocations=21 (full 2):
 PSYoungGen      total 23552K, used 2112K [0x00000000d5580000, 0x00000000d7000000, 0x0000000100000000)
  eden space 20992K, 0% used [0x00000000d5580000,0x00000000d5580000,0x00000000d6a00000)
  from space 2560K, 82% used [0x00000000d6a00000,0x00000000d6c10020,0x00000000d6c80000)
  to   space 3072K, 0% used [0x00000000d6d00000,0x00000000d6d00000,0x00000000d7000000)
 ParOldGen       total 68608K, used 33934K [0x0000000080000000, 0x0000000084300000, 0x00000000d5580000)
  object space 68608K, 49% used [0x0000000080000000,0x0000000082123808,0x0000000084300000)
 Metaspace       used 38893K, committed 40128K, reserved 1114112K
  class space    used 4043K, committed 4608K, reserved 1048576K
}
Event: 8.831 GC heap before
{Heap before GC invocations=22 (full 2):
 PSYoungGen      total 23552K, used 23104K [0x00000000d5580000, 0x00000000d7000000, 0x0000000100000000)
  eden space 20992K, 100% used [0x00000000d5580000,0x00000000d6a00000,0x00000000d6a00000)
  from space 2560K, 82% used [0x00000000d6a00000,0x00000000d6c10020,0x00000000d6c80000)
  to   space 3072K, 0% used [0x00000000d6d00000,0x00000000d6d00000,0x00000000d7000000)
 ParOldGen       total 68608K, used 33934K [0x0000000080000000, 0x0000000084300000, 0x00000000d5580000)
  object space 68608K, 49% used [0x0000000080000000,0x0000000082123808,0x0000000084300000)
 Metaspace       used 39724K, committed 40960K, reserved 1114112K
  class space    used 4145K, committed 4672K, reserved 1048576K
}
Event: 8.834 GC heap after
{Heap after GC invocations=22 (full 2):
 PSYoungGen      total 22528K, used 1394K [0x00000000d5580000, 0x00000000d6e80000, 0x0000000100000000)
  eden space 20992K, 0% used [0x00000000d5580000,0x00000000d5580000,0x00000000d6a00000)
  from space 1536K, 90% used [0x00000000d6d00000,0x00000000d6e5c808,0x00000000d6e80000)
  to   space 2048K, 0% used [0x00000000d6a80000,0x00000000d6a80000,0x00000000d6c80000)
 ParOldGen       total 68608K, used 35838K [0x0000000080000000, 0x0000000084300000, 0x00000000d5580000)
  object space 68608K, 52% used [0x0000000080000000,0x00000000822ff808,0x0000000084300000)
 Metaspace       used 39724K, committed 40960K, reserved 1114112K
  class space    used 4145K, committed 4672K, reserved 1048576K
}
Event: 9.823 GC heap before
{Heap before GC invocations=23 (full 2):
 PSYoungGen      total 22528K, used 22386K [0x00000000d5580000, 0x00000000d6e80000, 0x0000000100000000)
  eden space 20992K, 100% used [0x00000000d5580000,0x00000000d6a00000,0x00000000d6a00000)
  from space 1536K, 90% used [0x00000000d6d00000,0x00000000d6e5c808,0x00000000d6e80000)
  to   space 2048K, 0% used [0x00000000d6a80000,0x00000000d6a80000,0x00000000d6c80000)
 ParOldGen       total 68608K, used 35838K [0x0000000080000000, 0x0000000084300000, 0x00000000d5580000)
  object space 68608K, 52% used [0x0000000080000000,0x00000000822ff808,0x0000000084300000)
 Metaspace       used 41554K, committed 42816K, reserved 1114112K
  class space    used 4379K, committed 4928K, reserved 1048576K
}
Event: 9.825 GC heap after
{Heap after GC invocations=23 (full 2):
 PSYoungGen      total 22016K, used 832K [0x00000000d5580000, 0x00000000d6d80000, 0x0000000100000000)
  eden space 20992K, 0% used [0x00000000d5580000,0x00000000d5580000,0x00000000d6a00000)
  from space 1024K, 81% used [0x00000000d6a80000,0x00000000d6b50000,0x00000000d6b80000)
  to   space 1536K, 0% used [0x00000000d6c00000,0x00000000d6c00000,0x00000000d6d80000)
 ParOldGen       total 68608K, used 36901K [0x0000000080000000, 0x0000000084300000, 0x00000000d5580000)
  object space 68608K, 53% used [0x0000000080000000,0x0000000082409660,0x0000000084300000)
 Metaspace       used 41554K, committed 42816K, reserved 1114112K
  class space    used 4379K, committed 4928K, reserved 1048576K
}
Event: 10.213 GC heap before
{Heap before GC invocations=24 (full 2):
 PSYoungGen      total 22016K, used 21824K [0x00000000d5580000, 0x00000000d6d80000, 0x0000000100000000)
  eden space 20992K, 100% used [0x00000000d5580000,0x00000000d6a00000,0x00000000d6a00000)
  from space 1024K, 81% used [0x00000000d6a80000,0x00000000d6b50000,0x00000000d6b80000)
  to   space 1536K, 0% used [0x00000000d6c00000,0x00000000d6c00000,0x00000000d6d80000)
 ParOldGen       total 68608K, used 36901K [0x0000000080000000, 0x0000000084300000, 0x00000000d5580000)
  object space 68608K, 53% used [0x0000000080000000,0x0000000082409660,0x0000000084300000)
 Metaspace       used 43839K, committed 45120K, reserved 1114112K
  class space    used 4676K, committed 5248K, reserved 1048576K
}
Event: 10.215 GC heap after
{Heap after GC invocations=24 (full 2):
 PSYoungGen      total 22528K, used 1312K [0x00000000d5580000, 0x00000000d6d80000, 0x0000000100000000)
  eden space 20992K, 0% used [0x00000000d5580000,0x00000000d5580000,0x00000000d6a00000)
  from space 1536K, 85% used [0x00000000d6c00000,0x00000000d6d48000,0x00000000d6d80000)
  to   space 1536K, 0% used [0x00000000d6a80000,0x00000000d6a80000,0x00000000d6c00000)
 ParOldGen       total 68608K, used 37450K [0x0000000080000000, 0x0000000084300000, 0x00000000d5580000)
  object space 68608K, 54% used [0x0000000080000000,0x0000000082492870,0x0000000084300000)
 Metaspace       used 43839K, committed 45120K, reserved 1114112K
  class space    used 4676K, committed 5248K, reserved 1048576K
}
Event: 10.998 GC heap before
{Heap before GC invocations=25 (full 2):
 PSYoungGen      total 22528K, used 22304K [0x00000000d5580000, 0x00000000d6d80000, 0x0000000100000000)
  eden space 20992K, 100% used [0x00000000d5580000,0x00000000d6a00000,0x00000000d6a00000)
  from space 1536K, 85% used [0x00000000d6c00000,0x00000000d6d48000,0x00000000d6d80000)
  to   space 1536K, 0% used [0x00000000d6a80000,0x00000000d6a80000,0x00000000d6c00000)
 ParOldGen       total 68608K, used 37450K [0x0000000080000000, 0x0000000084300000, 0x00000000d5580000)
  object space 68608K, 54% used [0x0000000080000000,0x0000000082492870,0x0000000084300000)
 Metaspace       used 46317K, committed 47616K, reserved 1114112K
  class space    used 4998K, committed 5568K, reserved 1048576K
}
Event: 11.000 GC heap after
{Heap after GC invocations=25 (full 2):
 PSYoungGen      total 22528K, used 1440K [0x00000000d5580000, 0x00000000d6d00000, 0x0000000100000000)
  eden space 20992K, 0% used [0x00000000d5580000,0x00000000d5580000,0x00000000d6a00000)
  from space 1536K, 93% used [0x00000000d6a80000,0x00000000d6be8000,0x00000000d6c00000)
  to   space 1024K, 0% used [0x00000000d6c00000,0x00000000d6c00000,0x00000000d6d00000)
 ParOldGen       total 68608K, used 38409K [0x0000000080000000, 0x0000000084300000, 0x00000000d5580000)
  object space 68608K, 55% used [0x0000000080000000,0x0000000082582570,0x0000000084300000)
 Metaspace       used 46317K, committed 47616K, reserved 1114112K
  class space    used 4998K, committed 5568K, reserved 1048576K
}

Dll operation events (10 events):
Event: 0.013 Loaded shared library c:\Users\tahuy\.vscode\extensions\redhat.java-1.53.0-win32-x64\jre\21.0.10-win32-x86_64\bin\java.dll
Event: 0.074 Loaded shared library c:\Users\tahuy\.vscode\extensions\redhat.java-1.53.0-win32-x64\jre\21.0.10-win32-x86_64\bin\zip.dll
Event: 0.101 Loaded shared library C:\Users\tahuy\.vscode\extensions\redhat.java-1.53.0-win32-x64\jre\21.0.10-win32-x86_64\bin\instrument.dll
Event: 0.108 Loaded shared library C:\Users\tahuy\.vscode\extensions\redhat.java-1.53.0-win32-x64\jre\21.0.10-win32-x86_64\bin\net.dll
Event: 0.110 Loaded shared library C:\Users\tahuy\.vscode\extensions\redhat.java-1.53.0-win32-x64\jre\21.0.10-win32-x86_64\bin\nio.dll
Event: 0.113 Loaded shared library C:\Users\tahuy\.vscode\extensions\redhat.java-1.53.0-win32-x64\jre\21.0.10-win32-x86_64\bin\zip.dll
Event: 0.137 Loaded shared library C:\Users\tahuy\.vscode\extensions\redhat.java-1.53.0-win32-x64\jre\21.0.10-win32-x86_64\bin\jimage.dll
Event: 0.230 Loaded shared library c:\Users\tahuy\.vscode\extensions\redhat.java-1.53.0-win32-x64\jre\21.0.10-win32-x86_64\bin\verify.dll
Event: 1.613 Loaded shared library C:\Users\tahuy\AppData\Roaming\Code\User\globalStorage\redhat.java\1.53.0\config_win\org.eclipse.equinox.launcher\org.eclipse.equinox.launcher.win32.win32.x86_64_1.3.0.v20260203-2149\eclipse_11919.dll
Event: 3.036 Loaded shared library C:\Users\tahuy\AppData\Local\Temp\jna-110121855\jna18238421497031732714.dll

Deoptimization events (20 events):
Event: 10.919 Thread 0x00000239625cd450 Uncommon trap: trap_request=0x00000259 fr.pc=0x000002394e73dc80 relative=0x00000000000000e0
Event: 10.919 Thread 0x00000239625cd450 Uncommon trap: reason=unloaded action=reinterpret pc=0x000002394e73dc80 method=org.codehaus.plexus.util.xml.pull.MXParser.more()C @ 22 c2
Event: 10.919 Thread 0x00000239625cd450 DEOPT PACKING pc=0x000002394e73dc80 sp=0x00000069136fede0
Event: 10.919 Thread 0x00000239625cd450 DEOPT UNPACKING pc=0x000002394dd93aa2 sp=0x00000069136fed80 mode 2
Event: 10.970 Thread 0x000002396547db90 Uncommon trap: trap_request=0xffffffde fr.pc=0x000002394e7679b8 relative=0x00000000000000f8
Event: 10.970 Thread 0x000002396547db90 Uncommon trap: reason=class_check action=maybe_recompile pc=0x000002394e7679b8 method=sun.nio.cs.UTF_8.updatePositions(Ljava/nio/Buffer;ILjava/nio/Buffer;I)V @ 3 c2
Event: 10.970 Thread 0x000002396547db90 DEOPT PACKING pc=0x000002394e7679b8 sp=0x00000069172fd600
Event: 10.970 Thread 0x000002396547db90 DEOPT UNPACKING pc=0x000002394dd93aa2 sp=0x00000069172fd5b0 mode 2
Event: 10.970 Thread 0x000002396547db90 Uncommon trap: trap_request=0xffffffde fr.pc=0x000002394e7679b8 relative=0x00000000000000f8
Event: 10.970 Thread 0x000002396547db90 Uncommon trap: reason=class_check action=maybe_recompile pc=0x000002394e7679b8 method=sun.nio.cs.UTF_8.updatePositions(Ljava/nio/Buffer;ILjava/nio/Buffer;I)V @ 3 c2
Event: 10.970 Thread 0x000002396547db90 DEOPT PACKING pc=0x000002394e7679b8 sp=0x00000069172fd690
Event: 10.970 Thread 0x000002396547db90 DEOPT UNPACKING pc=0x000002394dd93aa2 sp=0x00000069172fd640 mode 2
Event: 10.972 Thread 0x000002396547db90 Uncommon trap: trap_request=0xffffffde fr.pc=0x000002394e7679b8 relative=0x00000000000000f8
Event: 10.973 Thread 0x000002396547db90 Uncommon trap: reason=class_check action=maybe_recompile pc=0x000002394e7679b8 method=sun.nio.cs.UTF_8.updatePositions(Ljava/nio/Buffer;ILjava/nio/Buffer;I)V @ 3 c2
Event: 10.973 Thread 0x000002396547db90 DEOPT PACKING pc=0x000002394e7679b8 sp=0x00000069172fd600
Event: 10.973 Thread 0x000002396547db90 DEOPT UNPACKING pc=0x000002394dd93aa2 sp=0x00000069172fd5b0 mode 2
Event: 10.973 Thread 0x000002396547db90 Uncommon trap: trap_request=0xffffffde fr.pc=0x000002394e7679b8 relative=0x00000000000000f8
Event: 10.973 Thread 0x000002396547db90 Uncommon trap: reason=class_check action=maybe_recompile pc=0x000002394e7679b8 method=sun.nio.cs.UTF_8.updatePositions(Ljava/nio/Buffer;ILjava/nio/Buffer;I)V @ 3 c2
Event: 10.973 Thread 0x000002396547db90 DEOPT PACKING pc=0x000002394e7679b8 sp=0x00000069172fd690
Event: 10.973 Thread 0x000002396547db90 DEOPT UNPACKING pc=0x000002394dd93aa2 sp=0x00000069172fd640 mode 2

Classes loaded (20 events):
Event: 9.623 Loading class sun/reflect/annotation/AnnotatedTypeFactory$AnnotatedParameterizedTypeImpl
Event: 9.624 Loading class java/lang/reflect/AnnotatedParameterizedType
Event: 9.624 Loading class java/lang/reflect/AnnotatedParameterizedType done
Event: 9.624 Loading class sun/reflect/annotation/AnnotatedTypeFactory$AnnotatedParameterizedTypeImpl done
Event: 9.902 Loading class sun/reflect/generics/scope/ConstructorScope
Event: 9.902 Loading class sun/reflect/generics/scope/ConstructorScope done
Event: 9.903 Loading class sun/reflect/generics/tree/VoidDescriptor
Event: 9.903 Loading class sun/reflect/generics/tree/VoidDescriptor done
Event: 9.972 Loading class java/util/concurrent/CompletionService
Event: 9.972 Loading class java/util/concurrent/CompletionService done
Event: 10.081 Loading class java/nio/channels/ServerSocketChannel
Event: 10.081 Loading class java/nio/channels/ServerSocketChannel done
Event: 10.263 Loading class java/lang/ExceptionInInitializerError
Event: 10.263 Loading class java/lang/ExceptionInInitializerError done
Event: 10.264 Loading class sun/misc/Unsafe
Event: 10.265 Loading class sun/misc/Unsafe done
Event: 10.284 Loading class jdk/internal/org/objectweb/asm/ClassReader
Event: 10.285 Loading class jdk/internal/org/objectweb/asm/ClassReader done
Event: 10.909 Loading class java/lang/ProcessEnvironment$CheckedKeySet
Event: 10.910 Loading class java/lang/ProcessEnvironment$CheckedKeySet done

Classes unloaded (7 events):
Event: 3.863 Thread 0x0000023943791800 Unloading class 0x00000239011ab400 'java/lang/invoke/LambdaForm$MH+0x00000239011ab400'
Event: 3.863 Thread 0x0000023943791800 Unloading class 0x00000239011ab000 'java/lang/invoke/LambdaForm$MH+0x00000239011ab000'
Event: 3.863 Thread 0x0000023943791800 Unloading class 0x00000239011aac00 'java/lang/invoke/LambdaForm$MH+0x00000239011aac00'
Event: 3.863 Thread 0x0000023943791800 Unloading class 0x00000239011aa800 'java/lang/invoke/LambdaForm$MH+0x00000239011aa800'
Event: 3.863 Thread 0x0000023943791800 Unloading class 0x00000239011aa400 'java/lang/invoke/LambdaForm$BMH+0x00000239011aa400'
Event: 3.863 Thread 0x0000023943791800 Unloading class 0x00000239011aa000 'java/lang/invoke/LambdaForm$DMH+0x00000239011aa000'
Event: 3.863 Thread 0x0000023943791800 Unloading class 0x00000239011a8c00 'java/lang/invoke/LambdaForm$DMH+0x00000239011a8c00'

Classes redefined (0 events):
No events

Internal exceptions (20 events):
Event: 6.310 Thread 0x00000239625ca660 Exception <a 'java/lang/NoSuchMethodError'{0x00000000d61f6c88}: 'java.lang.Object java.lang.invoke.DirectMethodHandle$Holder.newInvokeSpecial(java.lang.Object, java.lang.Object, java.lang.Object, int)'> (0x00000000d61f6c88) 
thrown [s\src\hotspot\share\interpreter\linkResolver.cpp, line 773]
Event: 6.313 Thread 0x00000239625ca660 Exception <a 'java/lang/NoSuchMethodError'{0x00000000d621b528}: 'java.lang.Object java.lang.invoke.DirectMethodHandle$Holder.invokeSpecial(java.lang.Object, java.lang.Object, java.lang.Object, java.lang.Object, int)'> (0x00000000d621b528) 
thrown [s\src\hotspot\share\interpreter\linkResolver.cpp, line 773]
Event: 6.318 Thread 0x00000239625ca660 Exception <a 'java/lang/NoSuchMethodError'{0x00000000d621e9d0}: 'java.lang.Object java.lang.invoke.Invokers$Holder.linkToTargetMethod(java.lang.Object, java.lang.Object, int, java.lang.Object)'> (0x00000000d621e9d0) 
thrown [s\src\hotspot\share\interpreter\linkResolver.cpp, line 773]
Event: 6.337 Thread 0x00000239625ca660 Exception <a 'java/lang/NoSuchMethodError'{0x00000000d6244d50}: 'void java.lang.invoke.DirectMethodHandle$Holder.invokeStaticInit(java.lang.Object, java.lang.Object, java.lang.Object)'> (0x00000000d6244d50) 
thrown [s\src\hotspot\share\interpreter\linkResolver.cpp, line 773]
Event: 7.044 Thread 0x00000239436eef80 Exception <a 'java/lang/NoSuchMethodError'{0x00000000d56905e0}: 'void java.lang.invoke.DirectMethodHandle$Holder.invokeSpecial(java.lang.Object, java.lang.Object, java.lang.Object, java.lang.Object, java.lang.Object, java.lang.Object)'> (0x00000000d56905e0) 
thrown [s\src\hotspot\share\interpreter\linkResolver.cpp, line 773]
Event: 7.055 Thread 0x00000239436eef80 Exception <a 'java/lang/IncompatibleClassChangeError'{0x00000000d5698880}: Found class java.lang.Object, but interface was expected> (0x00000000d5698880) 
thrown [s\src\hotspot\share\interpreter\linkResolver.cpp, line 840]
Event: 7.060 Thread 0x00000239436eef80 Exception <a 'java/lang/IncompatibleClassChangeError'{0x00000000d569a6c8}: Found class java.lang.Object, but interface was expected> (0x00000000d569a6c8) 
thrown [s\src\hotspot\share\interpreter\linkResolver.cpp, line 840]
Event: 7.732 Thread 0x00000239625cd450 Exception <a 'java/lang/NoClassDefFoundError'{0x00000000d5e20220}: javax/enterprise/inject/Typed> (0x00000000d5e20220) 
thrown [s\src\hotspot\share\classfile\systemDictionary.cpp, line 301]
Event: 8.308 Thread 0x00000239625cba10 Exception <a 'sun/nio/fs/WindowsException'{0x00000000d5e00e90}> (0x00000000d5e00e90) 
thrown [s\src\hotspot\share\prims\jni.cpp, line 520]
Event: 8.947 Thread 0x000002396547db90 Exception <a 'java/io/FileNotFoundException'{0x00000000d5773418}> (0x00000000d5773418) 
thrown [s\src\hotspot\share\prims\jni.cpp, line 520]
Event: 9.072 Thread 0x000002396547db90 Exception <a 'java/lang/NoSuchMethodError'{0x00000000d5b08c50}: 'java.lang.Object java.lang.invoke.DirectMethodHandle$Holder.invokeStatic(java.lang.Object, int, java.lang.Object, java.lang.Object)'> (0x00000000d5b08c50) 
thrown [s\src\hotspot\share\interpreter\linkResolver.cpp, line 773]
Event: 9.074 Thread 0x000002396547db90 Exception <a 'java/lang/NoSuchMethodError'{0x00000000d5b0c450}: 'java.lang.Object java.lang.invoke.DelegatingMethodHandle$Holder.delegate(java.lang.Object, int, java.lang.Object, java.lang.Object)'> (0x00000000d5b0c450) 
thrown [s\src\hotspot\share\interpreter\linkResolver.cpp, line 773]
Event: 9.077 Thread 0x000002396547db90 Implicit null exception at 0x000002394e650376 to 0x000002394e650698
Event: 9.082 Thread 0x000002396547db90 Exception <a 'java/lang/NoSuchMethodError'{0x00000000d5b205e8}: 'int java.lang.invoke.Invokers$Holder.linkToTargetMethod(java.lang.Object, java.lang.Object, java.lang.Object)'> (0x00000000d5b205e8) 
thrown [s\src\hotspot\share\interpreter\linkResolver.cpp, line 773]
Event: 10.266 Thread 0x00000239625cd450 Exception <a 'java/lang/ExceptionInInitializerError'{0x00000000d57e0d10}> (0x00000000d57e0d10) 
thrown [s\src\hotspot\share\oops\instanceKlass.cpp, line 1220]
Event: 10.280 Thread 0x00000239625cd450 Implicit null exception at 0x000002394e793083 to 0x000002394e793304
Event: 10.287 Thread 0x00000239625cd450 Implicit null exception at 0x000002394e5da6fe to 0x000002394e5da970
Event: 10.287 Thread 0x00000239625cd450 Implicit null exception at 0x000002394e54361c to 0x000002394e54453c
Event: 10.290 Thread 0x00000239625cd450 Exception <a 'java/lang/NoSuchMethodError'{0x00000000d589a588}: 'java.lang.Object java.lang.invoke.Invokers$Holder.invokeExact_MT(java.lang.Object, int, java.lang.Object)'> (0x00000000d589a588) 
thrown [s\src\hotspot\share\interpreter\linkResolver.cpp, line 773]
Event: 10.891 Thread 0x00000239625cd450 Exception <a 'java/lang/NoClassDefFoundError'{0x00000000d6516640}: com/google/inject/servlet/ServletModuleTargetVisitor> (0x00000000d6516640) 
thrown [s\src\hotspot\share\classfile\systemDictionary.cpp, line 301]

ZGC Phase Switch (0 events):
No events

VM Operations (20 events):
Event: 8.094 Executing non-safepoint VM operation: HandshakeAllThreads (Deoptimize)
Event: 8.113 Executing non-safepoint VM operation: HandshakeAllThreads (Deoptimize) done
Event: 8.815 Executing safepoint VM operation: ParallelGCFailedAllocation (Allocation Failure)
Event: 8.834 Executing safepoint VM operation: ParallelGCFailedAllocation (Allocation Failure) done
Event: 8.873 Executing non-safepoint VM operation: HandshakeAllThreads (Deoptimize)
Event: 8.873 Executing non-safepoint VM operation: HandshakeAllThreads (Deoptimize) done
Event: 9.793 Executing non-safepoint VM operation: HandshakeAllThreads (Deoptimize)
Event: 9.794 Executing non-safepoint VM operation: HandshakeAllThreads (Deoptimize) done
Event: 9.823 Executing safepoint VM operation: ParallelGCFailedAllocation (Allocation Failure)
Event: 9.825 Executing safepoint VM operation: ParallelGCFailedAllocation (Allocation Failure) done
Event: 10.060 Executing non-safepoint VM operation: HandshakeAllThreads (Deoptimize)
Event: 10.060 Executing non-safepoint VM operation: HandshakeAllThreads (Deoptimize) done
Event: 10.213 Executing safepoint VM operation: ParallelGCFailedAllocation (Allocation Failure)
Event: 10.215 Executing safepoint VM operation: ParallelGCFailedAllocation (Allocation Failure) done
Event: 10.465 Executing non-safepoint VM operation: HandshakeAllThreads (Deoptimize)
Event: 10.466 Executing non-safepoint VM operation: HandshakeAllThreads (Deoptimize) done
Event: 10.897 Executing safepoint VM operation: ICBufferFull
Event: 10.897 Executing safepoint VM operation: ICBufferFull done
Event: 10.997 Executing safepoint VM operation: ParallelGCFailedAllocation (Allocation Failure)
Event: 11.000 Executing safepoint VM operation: ParallelGCFailedAllocation (Allocation Failure) done

Memory protections (0 events):
No events

Nmethod flushes (20 events):
Event: 5.483 Thread 0x0000023943791800 flushing  nmethod 0x0000023946f84e10
Event: 5.483 Thread 0x0000023943791800 flushing  nmethod 0x0000023946f86010
Event: 5.483 Thread 0x0000023943791800 flushing  nmethod 0x0000023946f86b90
Event: 5.483 Thread 0x0000023943791800 flushing  nmethod 0x0000023946f87310
Event: 5.483 Thread 0x0000023943791800 flushing  nmethod 0x0000023946f88890
Event: 5.483 Thread 0x0000023943791800 flushing  nmethod 0x0000023946f89910
Event: 5.483 Thread 0x0000023943791800 flushing  nmethod 0x0000023946f8a210
Event: 5.483 Thread 0x0000023943791800 flushing  nmethod 0x0000023946f8b890
Event: 5.483 Thread 0x0000023943791800 flushing  nmethod 0x0000023946fade90
Event: 5.483 Thread 0x0000023943791800 flushing  nmethod 0x0000023946fbc310
Event: 5.483 Thread 0x0000023943791800 flushing  nmethod 0x0000023946fc8410
Event: 5.483 Thread 0x0000023943791800 flushing  nmethod 0x0000023946fcb590
Event: 5.483 Thread 0x0000023943791800 flushing  nmethod 0x0000023947027e10
Event: 5.483 Thread 0x0000023943791800 flushing  nmethod 0x0000023947057690
Event: 5.483 Thread 0x0000023943791800 flushing  nmethod 0x000002394707d210
Event: 5.483 Thread 0x0000023943791800 flushing  nmethod 0x000002394707d690
Event: 5.483 Thread 0x0000023943791800 flushing  nmethod 0x000002394707e610
Event: 5.483 Thread 0x0000023943791800 flushing  nmethod 0x0000023947094710
Event: 5.483 Thread 0x0000023943791800 flushing  nmethod 0x0000023947095a10
Event: 5.483 Thread 0x0000023943791800 flushing  nmethod 0x00000239470aa790

Events (20 events):
Event: 5.240 Thread 0x00000239436eef80 Thread added: 0x000002396547bac0
Event: 5.240 Thread 0x00000239436eef80 Thread added: 0x000002396547f5d0
Event: 5.240 Thread 0x00000239436eef80 Thread added: 0x000002396547fc60
Event: 5.240 Thread 0x00000239436eef80 Thread added: 0x00000239654802f0
Event: 5.241 Thread 0x00000239436eef80 Thread added: 0x000002396547ce70
Event: 5.241 Thread 0x00000239436eef80 Thread added: 0x000002396547d500
Event: 5.265 Thread 0x00000239436eef80 Thread added: 0x000002396547e220
Event: 5.424 Thread 0x000002395b67ded0 Thread added: 0x0000023965df7310
Event: 5.424 Thread 0x000002395b64b260 Thread added: 0x0000023965fd9750
Event: 7.245 Thread 0x00000239436eef80 Thread added: 0x0000023965480980
Event: 7.246 Thread 0x00000239436eef80 Thread added: 0x000002396547db90
Event: 9.937 Thread 0x0000023965fd9750 Thread exited: 0x0000023965fd9750
Event: 10.142 Thread 0x0000023965df7310 Thread exited: 0x0000023965df7310
Event: 10.142 Thread 0x00000239631a2660 Thread exited: 0x00000239631a2660
Event: 10.148 Thread 0x00000239631a1fb0 Thread exited: 0x00000239631a1fb0
Event: 10.205 Thread 0x0000023962eb0b30 Thread exited: 0x0000023962eb0b30
Event: 10.485 Thread 0x0000023962a1b7c0 Thread exited: 0x0000023962a1b7c0
Event: 10.965 Thread 0x000002395b63f550 Thread added: 0x00000239649dc240
Event: 10.993 Thread 0x000002395b58f6e0 Thread added: 0x0000023963d1fde0
Event: 11.018 Thread 0x000002395b58f6e0 Thread added: 0x000002396443c820


Dynamic libraries:
0x00007ff679cd0000 - 0x00007ff679cde000 	c:\Users\tahuy\.vscode\extensions\redhat.java-1.53.0-win32-x64\jre\21.0.10-win32-x86_64\bin\java.exe
0x00007ffee9800000 - 0x00007ffee9a67000 	C:\WINDOWS\SYSTEM32\ntdll.dll
0x00007ffee7ba0000 - 0x00007ffee7c69000 	C:\WINDOWS\System32\KERNEL32.DLL
0x00007ffee7030000 - 0x00007ffee7421000 	C:\WINDOWS\System32\KERNELBASE.dll
0x00007ffee6ee0000 - 0x00007ffee702b000 	C:\WINDOWS\System32\ucrtbase.dll
0x00007ffeb93c0000 - 0x00007ffeb93d8000 	c:\Users\tahuy\.vscode\extensions\redhat.java-1.53.0-win32-x64\jre\21.0.10-win32-x86_64\bin\jli.dll
0x00007ffebcf60000 - 0x00007ffebcf7e000 	c:\Users\tahuy\.vscode\extensions\redhat.java-1.53.0-win32-x64\jre\21.0.10-win32-x86_64\bin\VCRUNTIME140.dll
0x00007ffee7990000 - 0x00007ffee7b55000 	C:\WINDOWS\System32\USER32.dll
0x00007ffeceea0000 - 0x00007ffecf133000 	C:\WINDOWS\WinSxS\amd64_microsoft.windows.common-controls_6595b64144ccf1df_6.0.26100.7922_none_3e089e1ee3342171\COMCTL32.dll
0x00007ffee8c30000 - 0x00007ffee8cd9000 	C:\WINDOWS\System32\msvcrt.dll
0x00007ffee6d40000 - 0x00007ffee6d67000 	C:\WINDOWS\System32\win32u.dll
0x00007ffee94d0000 - 0x00007ffee94fb000 	C:\WINDOWS\System32\GDI32.dll
0x00007ffee6c10000 - 0x00007ffee6d3a000 	C:\WINDOWS\System32\gdi32full.dll
0x00007ffee62f0000 - 0x00007ffee6393000 	C:\WINDOWS\System32\msvcp_win.dll
0x00007ffee7950000 - 0x00007ffee7981000 	C:\WINDOWS\System32\IMM32.DLL
0x00007ffed0350000 - 0x00007ffed035c000 	c:\Users\tahuy\.vscode\extensions\redhat.java-1.53.0-win32-x64\jre\21.0.10-win32-x86_64\bin\vcruntime140_1.dll
0x00007ffebd0a0000 - 0x00007ffebd12d000 	c:\Users\tahuy\.vscode\extensions\redhat.java-1.53.0-win32-x64\jre\21.0.10-win32-x86_64\bin\msvcp140.dll
0x00007ffe4bc70000 - 0x00007ffe4ca11000 	c:\Users\tahuy\.vscode\extensions\redhat.java-1.53.0-win32-x64\jre\21.0.10-win32-x86_64\bin\server\jvm.dll
0x00007ffee81d0000 - 0x00007ffee828b000 	C:\WINDOWS\System32\ADVAPI32.dll
0x00007ffee78a0000 - 0x00007ffee7947000 	C:\WINDOWS\System32\sechost.dll
0x00007ffee8290000 - 0x00007ffee83a8000 	C:\WINDOWS\System32\RPCRT4.dll
0x00007ffee96e0000 - 0x00007ffee9754000 	C:\WINDOWS\System32\WS2_32.dll
0x00007ffee5f40000 - 0x00007ffee5f9e000 	C:\WINDOWS\SYSTEM32\POWRPROF.dll
0x00007ffed4930000 - 0x00007ffed493b000 	C:\WINDOWS\SYSTEM32\VERSION.dll
0x00007ffedce10000 - 0x00007ffedce45000 	C:\WINDOWS\SYSTEM32\WINMM.dll
0x00007ffee5f20000 - 0x00007ffee5f34000 	C:\WINDOWS\SYSTEM32\UMPDC.dll
0x00007ffee4e70000 - 0x00007ffee4e8b000 	C:\WINDOWS\SYSTEM32\kernel.appcore.dll
0x00007ffec7b00000 - 0x00007ffec7b0a000 	c:\Users\tahuy\.vscode\extensions\redhat.java-1.53.0-win32-x64\jre\21.0.10-win32-x86_64\bin\jimage.dll
0x00007ffee3860000 - 0x00007ffee3aa2000 	C:\WINDOWS\SYSTEM32\DBGHELP.DLL
0x00007ffee7d70000 - 0x00007ffee80f2000 	C:\WINDOWS\System32\combase.dll
0x00007ffee8d60000 - 0x00007ffee8e37000 	C:\WINDOWS\System32\OLEAUT32.dll
0x00007ffec5de0000 - 0x00007ffec5e1b000 	C:\WINDOWS\SYSTEM32\dbgcore.DLL
0x00007ffee74f0000 - 0x00007ffee7595000 	C:\WINDOWS\System32\bcryptPrimitives.dll
0x00007ffec0510000 - 0x00007ffec051f000 	c:\Users\tahuy\.vscode\extensions\redhat.java-1.53.0-win32-x64\jre\21.0.10-win32-x86_64\bin\instrument.dll
0x00007ffebd080000 - 0x00007ffebd0a0000 	c:\Users\tahuy\.vscode\extensions\redhat.java-1.53.0-win32-x64\jre\21.0.10-win32-x86_64\bin\java.dll
0x00007ffee8440000 - 0x00007ffee8b9f000 	C:\WINDOWS\System32\SHELL32.dll
0x00007ffee6d70000 - 0x00007ffee6eda000 	C:\WINDOWS\System32\wintypes.dll
0x00007ffee63a0000 - 0x00007ffee6c04000 	C:\WINDOWS\System32\windows.storage.dll
0x00007ffee9340000 - 0x00007ffee9437000 	C:\WINDOWS\System32\SHCORE.dll
0x00007ffee92d0000 - 0x00007ffee9337000 	C:\WINDOWS\System32\shlwapi.dll
0x00007ffee6000000 - 0x00007ffee6029000 	C:\WINDOWS\SYSTEM32\profapi.dll
0x00007ffeb8d60000 - 0x00007ffeb8d78000 	c:\Users\tahuy\.vscode\extensions\redhat.java-1.53.0-win32-x64\jre\21.0.10-win32-x86_64\bin\zip.dll
0x00007ffec0370000 - 0x00007ffec0380000 	C:\Users\tahuy\.vscode\extensions\redhat.java-1.53.0-win32-x64\jre\21.0.10-win32-x86_64\bin\net.dll
0x00007ffee04d0000 - 0x00007ffee05f7000 	C:\WINDOWS\SYSTEM32\WINHTTP.dll
0x00007ffee53e0000 - 0x00007ffee544b000 	C:\WINDOWS\system32\mswsock.dll
0x00007ffeb8d40000 - 0x00007ffeb8d56000 	C:\Users\tahuy\.vscode\extensions\redhat.java-1.53.0-win32-x64\jre\21.0.10-win32-x86_64\bin\nio.dll
0x00007ffebfff0000 - 0x00007ffec0000000 	c:\Users\tahuy\.vscode\extensions\redhat.java-1.53.0-win32-x64\jre\21.0.10-win32-x86_64\bin\verify.dll
0x00007ffeafee0000 - 0x00007ffeaff25000 	C:\Users\tahuy\AppData\Roaming\Code\User\globalStorage\redhat.java\1.53.0\config_win\org.eclipse.equinox.launcher\org.eclipse.equinox.launcher.win32.win32.x86_64_1.3.0.v20260203-2149\eclipse_11919.dll
0x00007ffee75a0000 - 0x00007ffee7735000 	C:\WINDOWS\System32\ole32.dll
0x00007ffee56c0000 - 0x00007ffee56db000 	C:\WINDOWS\SYSTEM32\CRYPTSP.dll
0x00007ffee4dd0000 - 0x00007ffee4e09000 	C:\WINDOWS\system32\rsaenh.dll
0x00007ffee5490000 - 0x00007ffee54c2000 	C:\WINDOWS\SYSTEM32\USERENV.dll
0x00007ffee5fd0000 - 0x00007ffee5ffa000 	C:\WINDOWS\SYSTEM32\bcrypt.dll
0x00007ffee56e0000 - 0x00007ffee56ec000 	C:\WINDOWS\SYSTEM32\CRYPTBASE.dll
0x00007ffee48e0000 - 0x00007ffee4913000 	C:\WINDOWS\SYSTEM32\IPHLPAPI.DLL
0x00007ffee8bb0000 - 0x00007ffee8bba000 	C:\WINDOWS\System32\NSI.dll
0x00007ffe8fb10000 - 0x00007ffe8fb59000 	C:\Users\tahuy\AppData\Local\Temp\jna-110121855\jna18238421497031732714.dll
0x00007ffee8430000 - 0x00007ffee8438000 	C:\WINDOWS\System32\PSAPI.DLL
0x00007ffee0ac0000 - 0x00007ffee0add000 	C:\WINDOWS\SYSTEM32\dhcpcsvc6.DLL
0x00007ffee0a10000 - 0x00007ffee0a33000 	C:\WINDOWS\SYSTEM32\dhcpcsvc.DLL

JVMTI agents:
c:\Users\tahuy\.vscode\extensions\redhat.java-1.53.0-win32-x64\lombok\lombok-1.18.39-4050.jar path:c:\Users\tahuy\.vscode\extensions\redhat.java-1.53.0-win32-x64\jre\21.0.10-win32-x86_64\bin\instrument.dll, loaded, initialized, instrumentlib options:none

dbghelp: loaded successfully - version: 4.0.5 - missing functions: none
symbol engine: initialized successfully - sym options: 0x614 - pdb path: .;c:\Users\tahuy\.vscode\extensions\redhat.java-1.53.0-win32-x64\jre\21.0.10-win32-x86_64\bin;C:\WINDOWS\SYSTEM32;C:\WINDOWS\WinSxS\amd64_microsoft.windows.common-controls_6595b64144ccf1df_6.0.26100.7922_none_3e089e1ee3342171;c:\Users\tahuy\.vscode\extensions\redhat.java-1.53.0-win32-x64\jre\21.0.10-win32-x86_64\bin\server;C:\Users\tahuy\AppData\Roaming\Code\User\globalStorage\redhat.java\1.53.0\config_win\org.eclipse.equinox.launcher\org.eclipse.equinox.launcher.win32.win32.x86_64_1.3.0.v20260203-2149;C:\Users\tahuy\AppData\Local\Temp\jna-110121855

VM Arguments:
jvm_args: --add-modules=ALL-SYSTEM --add-opens=java.base/java.util=ALL-UNNAMED --add-opens=java.base/java.lang=ALL-UNNAMED --add-opens=java.base/sun.nio.fs=ALL-UNNAMED -Declipse.application=org.eclipse.jdt.ls.core.id1 -Dosgi.bundles.defaultStartLevel=4 -Declipse.product=org.eclipse.jdt.ls.core.product -Djava.import.generatesMetadataFilesAtProjectRoot=false -DDetectVMInstallationsJob.disabled=true -Dfile.encoding=utf8 -XX:+UseParallelGC -XX:GCTimeRatio=4 -XX:AdaptiveSizePolicyWeight=90 -Dsun.zip.disableMemoryMapping=true -Xmx2G -Xms100m -Xlog:disable -javaagent:c:\Users\tahuy\.vscode\extensions\redhat.java-1.53.0-win32-x64\lombok\lombok-1.18.39-4050.jar -XX:+HeapDumpOnOutOfMemoryError -XX:HeapDumpPath=c:\Users\tahuy\AppData\Roaming\Code\User\workspaceStorage\be6edd90d0dac6e765153224380096b7\redhat.java -Daether.dependencyCollector.impl=bf 
java_command: c:\Users\tahuy\.vscode\extensions\redhat.java-1.53.0-win32-x64\server\plugins\org.eclipse.equinox.launcher_1.7.100.v20251111-0406.jar -configuration c:\Users\tahuy\AppData\Roaming\Code\User\globalStorage\redhat.java\1.53.0\config_win -data c:\Users\tahuy\AppData\Roaming\Code\User\workspaceStorage\be6edd90d0dac6e765153224380096b7\redhat.java\jdt_ws --pipe=\\.\pipe\lsp-b4e9cf7564e82e9f05ef913addb29fbb-sock
java_class_path (initial): c:\Users\tahuy\.vscode\extensions\redhat.java-1.53.0-win32-x64\server\plugins\org.eclipse.equinox.launcher_1.7.100.v20251111-0406.jar
Launcher Type: SUN_STANDARD

[Global flags]
    uintx AdaptiveSizePolicyWeight                 = 90                                        {product} {command line}
     intx CICompilerCount                          = 12                                        {product} {ergonomic}
    uintx GCTimeRatio                              = 4                                         {product} {command line}
     bool HeapDumpOnOutOfMemoryError               = true                                   {manageable} {command line}
    ccstr HeapDumpPath                             = c:\Users\tahuy\AppData\Roaming\Code\User\workspaceStorage\be6edd90d0dac6e765153224380096b7\redhat.java         {manageable} {command line}
   size_t InitialHeapSize                          = 104857600                                 {product} {command line}
   size_t MaxHeapSize                              = 2147483648                                {product} {command line}
   size_t MaxNewSize                               = 715653120                                 {product} {ergonomic}
   size_t MinHeapDeltaBytes                        = 524288                                    {product} {ergonomic}
   size_t MinHeapSize                              = 104857600                                 {product} {command line}
   size_t NewSize                                  = 34603008                                  {product} {ergonomic}
    uintx NonNMethodCodeHeapSize                   = 7602480                                {pd product} {ergonomic}
    uintx NonProfiledCodeHeapSize                  = 122027880                              {pd product} {ergonomic}
   size_t OldSize                                  = 70254592                                  {product} {ergonomic}
    uintx ProfiledCodeHeapSize                     = 122027880                              {pd product} {ergonomic}
    uintx ReservedCodeCacheSize                    = 251658240                              {pd product} {ergonomic}
     bool SegmentedCodeCache                       = true                                      {product} {ergonomic}
   size_t SoftMaxHeapSize                          = 2147483648                             {manageable} {ergonomic}
     bool UseCompressedOops                        = true                           {product lp64_product} {ergonomic}
     bool UseLargePagesIndividualAllocation        = false                                  {pd product} {ergonomic}
     bool UseParallelGC                            = true                                      {product} {command line}

Logging:
Log output configuration:
 #0: stdout all=off uptime,level,tags foldmultilines=false
 #1: stderr all=off uptime,level,tags foldmultilines=false

Release file:
JAVA_VERSION="21.0.10" 
MODULES="java.base java.compiler java.datatransfer java.xml java.prefs java.desktop java.instrument java.logging java.management java.security.sasl java.naming java.rmi java.management.rmi java.net.http java.scripting java.security.jgss java.transaction.xa java.sql java.sql.rowset java.xml.crypto java.se java.smartcardio jdk.accessibility jdk.internal.jvmstat jdk.attach jdk.charsets jdk.internal.opt jdk.zipfs jdk.compiler jdk.crypto.ec jdk.crypto.cryptoki jdk.crypto.mscapi jdk.dynalink jdk.internal.ed jdk.editpad jdk.hotspot.agent jdk.httpserver jdk.internal.le jdk.internal.vm.ci jdk.internal.vm.compiler jdk.internal.vm.compiler.management jdk.jartool jdk.javadoc jdk.jcmd jdk.management jdk.management.agent jdk.jconsole jdk.jdeps jdk.jdwp.agent jdk.jdi jdk.jfr jdk.jshell jdk.jsobject jdk.jstatd jdk.localedata jdk.management.jfr jdk.naming.dns jdk.naming.rmi jdk.net jdk.nio.mapmode jdk.random jdk.sctp jdk.security.auth jdk.security.jgss jdk.unsupported jdk.unsupported.desktop jdk.xml.dom" 

Environment Variables:
PATH=C:\Python314\Scripts\;C:\Python314\;C:\Program Files\Eclipse Adoptium\jdk-25.0.0.36-hotspot\bin;C:\Program Files (x86)\VMware\VMware Workstation\bin\;C:\Program Files (x86)\Common Files\Oracle\Java\javapath;C:\WINDOWS\system32;C:\WINDOWS;C:\WINDOWS\System32\Wbem;C:\WINDOWS\System32\WindowsPowerShell\v1.0\;C:\WINDOWS\System32\OpenSSH\;C:\Program Files (x86)\Microsoft SQL Server\160\Tools\Binn\;C:\Program Files\Microsoft SQL Server\160\Tools\Binn\;C:\Program Files\Microsoft SQL Server\Client SDK\ODBC\170\Tools\Binn\;C:\Program Files\Microsoft SQL Server\160\DTS\Binn\;C:\Program Files (x86)\Microsoft SQL Server\160\DTS\Binn\;C:\Program Files\Microsoft SQL Server\150\Tools\Binn\;C:\Program Files\dotnet\;C:\apache-maven-3.9.11\bin;D:\Kě 3\drive-download-20241125T170411Z-001\Git\cmd;C:\Program Files\nodejs\;C:\ProgramData\chocolatey\bin;C:\Program Files\Cloudflare\Cloudflare WARP\;C:\Users\tahuy\AppData\Local\Microsoft\WindowsApps;C:\Users\tahuy\AppData\Local\Programs\Microsoft VS Code\bin;C:\Users\tahuy\.dotnet\tools;C:\Program Files\JetBrains\IntelliJ IDEA 2025.2.3\bin;C:\Users\tahuy\AppData\Local\GitHubDesktop\bin;C:\ProgramData\tahuy\GitHubDesktop\bin;C:\Users\tahuy\AppData\Roaming\npm
USERNAME=tahuy
OS=Windows_NT
PROCESSOR_IDENTIFIER=Intel64 Family 6 Model 186 Stepping 2, GenuineIntel
TMP=C:\Users\tahuy\AppData\Local\Temp
TEMP=C:\Users\tahuy\AppData\Local\Temp




Periodic native trim disabled

---------------  S Y S T E M  ---------------

OS:
 Windows 11 , 64 bit Build 26100 (10.0.26100.7920)
OS uptime: 2 days 11:46 hours
Hyper-V role detected

CPU: total 20 (initial active 20) (10 cores per cpu, 2 threads per core) family 6 model 186 stepping 2 microcode 0x410e, cx8, cmov, fxsr, ht, mmx, 3dnowpref, sse, sse2, sse3, ssse3, sse4.1, sse4.2, popcnt, lzcnt, tsc, tscinvbit, avx, avx2, aes, erms, clmul, bmi1, bmi2, adx, sha, fma, vzeroupper, clflush, clflushopt, clwb, hv, serialize, rdtscp, rdpid, fsrm, f16c, cet_ibt, cet_ss
Processor Information for processor 0
  Max Mhz: 2400, Current Mhz: 2400, Mhz Limit: 2400
Processor Information for processor 1
  Max Mhz: 2400, Current Mhz: 2400, Mhz Limit: 2400
Processor Information for processor 2
  Max Mhz: 2400, Current Mhz: 1520, Mhz Limit: 2400
Processor Information for processor 3
  Max Mhz: 2400, Current Mhz: 2400, Mhz Limit: 2400
Processor Information for processor 4
  Max Mhz: 2400, Current Mhz: 2400, Mhz Limit: 2400
Processor Information for processor 5
  Max Mhz: 2400, Current Mhz: 2400, Mhz Limit: 2400
Processor Information for processor 6
  Max Mhz: 2400, Current Mhz: 2400, Mhz Limit: 2400
Processor Information for processor 7
  Max Mhz: 2400, Current Mhz: 1520, Mhz Limit: 2400
Processor Information for processor 8
  Max Mhz: 2400, Current Mhz: 2400, Mhz Limit: 2400
Processor Information for processor 9
  Max Mhz: 2400, Current Mhz: 2400, Mhz Limit: 2400
Processor Information for processor 10
  Max Mhz: 2400, Current Mhz: 2400, Mhz Limit: 2400
Processor Information for processor 11
  Max Mhz: 2400, Current Mhz: 2400, Mhz Limit: 2400
Processor Information for processor 12
  Max Mhz: 2400, Current Mhz: 2400, Mhz Limit: 2400
Processor Information for processor 13
  Max Mhz: 2400, Current Mhz: 2400, Mhz Limit: 2400
Processor Information for processor 14
  Max Mhz: 2400, Current Mhz: 2400, Mhz Limit: 2400
Processor Information for processor 15
  Max Mhz: 2400, Current Mhz: 2400, Mhz Limit: 2400
Processor Information for processor 16
  Max Mhz: 2400, Current Mhz: 2400, Mhz Limit: 2400
Processor Information for processor 17
  Max Mhz: 2400, Current Mhz: 2400, Mhz Limit: 2400
Processor Information for processor 18
  Max Mhz: 2400, Current Mhz: 2400, Mhz Limit: 2400
Processor Information for processor 19
  Max Mhz: 2400, Current Mhz: 1466, Mhz Limit: 2400

Memory: 4k page, system-wide physical 16003M (1891M free)
TotalPageFile size 20183M (AvailPageFile size 55M)
current process WorkingSet (physical memory assigned to process): 228M, peak: 271M
current process commit charge ("private bytes"): 352M, peak: 398M

vm_info: OpenJDK 64-Bit Server VM (21.0.10+7-LTS) for windows-amd64 JRE (21.0.10+7-LTS), built on 2026-01-20T00:00:00Z by "admin" with MS VC++ 17.12 (VS2022)

END.
